
  [4;36;1mSQL (0.071000)[0m   [0;1mCREATE TABLE schema_info (version integer)[0m
  [4;35;1mSQL (0.085000)[0m   [0mINSERT INTO schema_info (version) VALUES(0)[0m
  [4;36;1mSQL (0.000000)[0m   [0;1mSQLite3::SQLException: table schema_info already exists: CREATE TABLE schema_info (version integer)[0m
  [4;35;1mSQL (0.000000)[0m   [0mSELECT version FROM schema_info[0m
Migrating to CreateBtbills (1)
  [4;36;1mSQL (0.129000)[0m   [0;1mCREATE TABLE btbills ("id" INTEGER PRIMARY KEY NOT NULL, "bill_date" datetime DEFAULT NULL, "uploaded_by" varchar(255) DEFAULT NULL) [0m
  [4;35;1mSQL (0.113000)[0m   [0mUPDATE schema_info SET version = 1[0m
  [4;36;1mSQL (0.004000)[0m   [0;1mSELECT version FROM schema_info[0m
Migrating to CreateBtbilldetails (2)
  [4;35;1mSQL (0.140000)[0m   [0mCREATE TABLE btbilldetails ("id" INTEGER PRIMARY KEY NOT NULL, "ChargeCode" varchar(255) DEFAULT NULL, "InstallationNo" varchar(255) DEFAULT NULL, "LineNo" varchar(255) DEFAULT NULL, "ChargeCardNo" varchar(255) DEFAULT NULL, "Date" varchar(255) DEFAULT NULL, "Time" varchar(255) DEFAULT NULL, "Destination" varchar(255) DEFAULT NULL, "CalledNo" varchar(255) DEFAULT NULL, "Duration" varchar(255) DEFAULT NULL, "TxtDirectRebate" varchar(255) DEFAULT NULL, "Cost" varchar(255) DEFAULT NULL) [0m
  [4;36;1mSQL (0.211000)[0m   [0;1mUPDATE schema_info SET version = 2[0m
  [4;35;1mSQL (0.000000)[0m   [0mSELECT version FROM schema_info[0m
Migrating to Addedcsv (3)
  [4;36;1mSQL (0.114000)[0m   [0;1mALTER TABLE btbills ADD "billcsv" varchar(255)[0m
  [4;35;1mSQL (0.465000)[0m   [0mVACUUM[0m
  [4;36;1mSQL (0.125000)[0m   [0;1mUPDATE schema_info SET version = 3[0m
  [4;35;1mSQL (0.000000)[0m   [0mSELECT version FROM schema_info[0m
Migrating to BtbillId (4)
  [4;36;1mSQL (0.157000)[0m   [0;1mALTER TABLE btbilldetails ADD "btbill_id" integer[0m
  [4;35;1mSQL (0.187000)[0m   [0mVACUUM[0m
  [4;36;1mSQL (0.160000)[0m   [0;1mUPDATE schema_info SET version = 4[0m
  [4;35;1mSQL (0.004000)[0m   [0mSELECT version FROM schema_info[0m
Migrating to Dropcsv (5)
  [4;36;1mSQL (0.000000)[0m   [0;1mCREATE TEMPORARY TABLE altered_btbills ("id" INTEGER PRIMARY KEY NOT NULL, "bill_date" datetime DEFAULT NULL, "uploaded_by" varchar(255) DEFAULT NULL, "billcsv" varchar(255) DEFAULT NULL) [0m
  [4;35;1mSQL (0.000000)[0m   [0mPRAGMA index_list(btbills)[0m
  [4;36;1mSQL (0.055000)[0m   [0;1mDROP TABLE btbills[0m
  [4;35;1mSQL (0.000000)[0m   [0mCREATE TABLE btbills ("id" INTEGER PRIMARY KEY NOT NULL, "bill_date" datetime DEFAULT NULL, "uploaded_by" varchar(255) DEFAULT NULL) [0m
  [4;36;1mSQL (0.000000)[0m   [0;1mPRAGMA index_list(altered_btbills)[0m
  [4;35;1mSQL (0.000000)[0m   [0mDROP TABLE altered_btbills[0m
  [4;36;1mSQL (0.195000)[0m   [0;1mUPDATE schema_info SET version = 5[0m
  [4;35;1mSQL (0.000000)[0m   [0mSELECT * FROM schema_info[0m
  [4;36;1mSQL (0.000000)[0m   [0;1mSELECT name FROM sqlite_master WHERE type = 'table'[0m
  [4;35;1mSQL (0.000000)[0m   [0mPRAGMA index_list(btbilldetails)[0m
  [4;36;1mSQL (0.004000)[0m   [0;1mPRAGMA index_list(btbills)[0m


Processing BtbilldetailsController#index (for 127.0.0.1 at 2007-03-22 22:58:17) [GET]
  Session ID: ea87d9a0ed3877351e4537bcce493e22
  Parameters: {"action"=>"index", "controller"=>"btbilldetails"}


ActionController::UnknownAction (No action responded to index):
    /usr/lib/ruby/gems/1.8/gems/actionpack-1.13.2/lib/action_controller/filters.rb:632:in `call_filter'
    /usr/lib/ruby/gems/1.8/gems/actionpack-1.13.2/lib/action_controller/filters.rb:619:in `perform_action_without_benchmark'
    /usr/lib/ruby/gems/1.8/gems/actionpack-1.13.2/lib/action_controller/benchmarking.rb:66:in `perform_action_without_rescue'
    /usr/lib/ruby/1.8/benchmark.rb:293:in `measure'
    /usr/lib/ruby/gems/1.8/gems/actionpack-1.13.2/lib/action_controller/benchmarking.rb:66:in `perform_action_without_rescue'
    /usr/lib/ruby/gems/1.8/gems/actionpack-1.13.2/lib/action_controller/rescue.rb:83:in `perform_action'
    /usr/lib/ruby/gems/1.8/gems/actionpack-1.13.2/lib/action_controller/base.rb:430:in `send'
    /usr/lib/ruby/gems/1.8/gems/actionpack-1.13.2/lib/action_controller/base.rb:430:in `process_without_filters'
    /usr/lib/ruby/gems/1.8/gems/actionpack-1.13.2/lib/action_controller/filters.rb:624:in `process_without_session_management_support'
    /usr/lib/ruby/gems/1.8/gems/actionpack-1.13.2/lib/action_controller/session_management.rb:114:in `process'
    /usr/lib/ruby/gems/1.8/gems/actionpack-1.13.2/lib/action_controller/base.rb:330:in `process'
    /usr/lib/ruby/gems/1.8/gems/rails-1.2.2/lib/dispatcher.rb:41:in `dispatch'
    /usr/lib/ruby/gems/1.8/gems/rails-1.2.2/lib/webrick_server.rb:113:in `handle_dispatch'
    /usr/lib/ruby/gems/1.8/gems/rails-1.2.2/lib/webrick_server.rb:79:in `service'
    /usr/lib/ruby/1.8/webrick/httpserver.rb:104:in `service'
    /usr/lib/ruby/1.8/webrick/httpserver.rb:65:in `run'
    /usr/lib/ruby/1.8/webrick/server.rb:173:in `start_thread'
    /usr/lib/ruby/1.8/webrick/server.rb:162:in `start'
    /usr/lib/ruby/1.8/webrick/server.rb:162:in `start_thread'
    /usr/lib/ruby/1.8/webrick/server.rb:95:in `start'
    /usr/lib/ruby/1.8/webrick/server.rb:92:in `each'
    /usr/lib/ruby/1.8/webrick/server.rb:92:in `start'
    /usr/lib/ruby/1.8/webrick/server.rb:23:in `start'
    /usr/lib/ruby/1.8/webrick/server.rb:82:in `start'
    /usr/lib/ruby/gems/1.8/gems/rails-1.2.2/lib/webrick_server.rb:63:in `dispatch'
    /usr/lib/ruby/gems/1.8/gems/rails-1.2.2/lib/commands/servers/webrick.rb:59
    /usr/lib/ruby/site_ruby/1.8/rubygems/custom_require.rb:27:in `gem_original_require'
    /usr/lib/ruby/site_ruby/1.8/rubygems/custom_require.rb:27:in `require'
    /usr/lib/ruby/gems/1.8/gems/activesupport-1.4.1/lib/active_support/dependencies.rb:495:in `require'
    /usr/lib/ruby/gems/1.8/gems/activesupport-1.4.1/lib/active_support/dependencies.rb:342:in `new_constants_in'
    /usr/lib/ruby/gems/1.8/gems/activesupport-1.4.1/lib/active_support/dependencies.rb:495:in `require'
    /usr/lib/ruby/gems/1.8/gems/rails-1.2.2/lib/commands/server.rb:39
    /usr/lib/ruby/site_ruby/1.8/rubygems/custom_require.rb:27:in `gem_original_require'
    /usr/lib/ruby/site_ruby/1.8/rubygems/custom_require.rb:27:in `require'
    ./script/server:3


Rendering /usr/lib/ruby/gems/1.8/gems/actionpack-1.13.2/lib/action_controller/templates/rescues/layout.rhtml (404 Page Not Found)


Processing BtbilldetailsController#index (for 127.0.0.1 at 2007-03-22 23:00:45) [GET]
  Session ID: ea87d9a0ed3877351e4537bcce493e22
  Parameters: {"action"=>"index", "controller"=>"btbilldetails"}


ActionController::UnknownAction (No action responded to index):
    /usr/lib/ruby/gems/1.8/gems/actionpack-1.13.2/lib/action_controller/filters.rb:632:in `call_filter'
    /usr/lib/ruby/gems/1.8/gems/actionpack-1.13.2/lib/action_controller/filters.rb:619:in `perform_action_without_benchmark'
    /usr/lib/ruby/gems/1.8/gems/actionpack-1.13.2/lib/action_controller/benchmarking.rb:66:in `perform_action_without_rescue'
    /usr/lib/ruby/1.8/benchmark.rb:293:in `measure'
    /usr/lib/ruby/gems/1.8/gems/actionpack-1.13.2/lib/action_controller/benchmarking.rb:66:in `perform_action_without_rescue'
    /usr/lib/ruby/gems/1.8/gems/actionpack-1.13.2/lib/action_controller/rescue.rb:83:in `perform_action'
    /usr/lib/ruby/gems/1.8/gems/actionpack-1.13.2/lib/action_controller/base.rb:430:in `send'
    /usr/lib/ruby/gems/1.8/gems/actionpack-1.13.2/lib/action_controller/base.rb:430:in `process_without_filters'
    /usr/lib/ruby/gems/1.8/gems/actionpack-1.13.2/lib/action_controller/filters.rb:624:in `process_without_session_management_support'
    /usr/lib/ruby/gems/1.8/gems/actionpack-1.13.2/lib/action_controller/session_management.rb:114:in `process'
    /usr/lib/ruby/gems/1.8/gems/actionpack-1.13.2/lib/action_controller/base.rb:330:in `process'
    /usr/lib/ruby/gems/1.8/gems/rails-1.2.2/lib/dispatcher.rb:41:in `dispatch'
    /usr/lib/ruby/gems/1.8/gems/rails-1.2.2/lib/webrick_server.rb:113:in `handle_dispatch'
    /usr/lib/ruby/gems/1.8/gems/rails-1.2.2/lib/webrick_server.rb:79:in `service'
    /usr/lib/ruby/1.8/webrick/httpserver.rb:104:in `service'
    /usr/lib/ruby/1.8/webrick/httpserver.rb:65:in `run'
    /usr/lib/ruby/1.8/webrick/server.rb:173:in `start_thread'
    /usr/lib/ruby/1.8/webrick/server.rb:162:in `start'
    /usr/lib/ruby/1.8/webrick/server.rb:162:in `start_thread'
    /usr/lib/ruby/1.8/webrick/server.rb:95:in `start'
    /usr/lib/ruby/1.8/webrick/server.rb:92:in `each'
    /usr/lib/ruby/1.8/webrick/server.rb:92:in `start'
    /usr/lib/ruby/1.8/webrick/server.rb:23:in `start'
    /usr/lib/ruby/1.8/webrick/server.rb:82:in `start'
    /usr/lib/ruby/gems/1.8/gems/rails-1.2.2/lib/webrick_server.rb:63:in `dispatch'
    /usr/lib/ruby/gems/1.8/gems/rails-1.2.2/lib/commands/servers/webrick.rb:59
    /usr/lib/ruby/site_ruby/1.8/rubygems/custom_require.rb:27:in `gem_original_require'
    /usr/lib/ruby/site_ruby/1.8/rubygems/custom_require.rb:27:in `require'
    /usr/lib/ruby/gems/1.8/gems/activesupport-1.4.1/lib/active_support/dependencies.rb:495:in `require'
    /usr/lib/ruby/gems/1.8/gems/activesupport-1.4.1/lib/active_support/dependencies.rb:342:in `new_constants_in'
    /usr/lib/ruby/gems/1.8/gems/activesupport-1.4.1/lib/active_support/dependencies.rb:495:in `require'
    /usr/lib/ruby/gems/1.8/gems/rails-1.2.2/lib/commands/server.rb:39
    /usr/lib/ruby/site_ruby/1.8/rubygems/custom_require.rb:27:in `gem_original_require'
    /usr/lib/ruby/site_ruby/1.8/rubygems/custom_require.rb:27:in `require'
    ./script/server:3


Rendering /usr/lib/ruby/gems/1.8/gems/actionpack-1.13.2/lib/action_controller/templates/rescues/layout.rhtml (404 Page Not Found)


Processing BtbilldetailsController#index (for 127.0.0.1 at 2007-03-22 23:01:07) [GET]
  Session ID: ea87d9a0ed3877351e4537bcce493e22
  Parameters: {"action"=>"index", "controller"=>"btbilldetails"}
  [4;36;1mSQL (0.000000)[0m   [0;1mSELECT count(*) AS count_all FROM btbilldetails [0m
  [4;35;1mBtbilldetail Load (0.000000)[0m   [0mSELECT * FROM btbilldetails LIMIT 10 OFFSET 0[0m
Rendering layoutfalseactionlist within layouts/btbilldetails
Rendering btbilldetails/list
Completed in 0.53500 (1 reqs/sec) | Rendering: 0.00700 (1%) | DB: 0.00000 (0%) | 200 OK [http://127.0.0.1/btbilldetails]


Processing BtbillsController#create (for 127.0.0.1 at 2007-03-22 23:01:41) [POST]
  Session ID: ea87d9a0ed3877351e4537bcce493e22
  Parameters: {"commit"=>"Save", "btbill"=>{"uploaded_by"=>"BigOne", "billcsv"=>#<StringIO:0x988a294>, "bill_date(1i)"=>"2007", "bill_date(2i)"=>"3", "bill_date(3i)"=>"22", "bill_date(4i)"=>"21", "bill_date(5i)"=>"54"}, "action"=>"create", "controller"=>"btbills"}
#<StringIO:0x988a294>
CSV:
#<StringIO:0x988a294>
  [4;36;1mSQL (0.047000)[0m   [0;1mINSERT INTO btbills ("uploaded_by", "bill_date") VALUES('BigOne', '2007-03-22 21:54:00')[0m
Redirected to http://127.0.0.1:3000/btbills/list


NoMethodError (undefined method `calledno=' for #<Btbilldetail:0x9782a68>):
    /usr/lib/ruby/gems/1.8/gems/activerecord-1.15.2/lib/active_record/base.rb:1858:in `method_missing'
    /usr/lib/ruby/gems/1.8/gems/activerecord-1.15.2/lib/active_record/base.rb:1673:in `send'
    /usr/lib/ruby/gems/1.8/gems/activerecord-1.15.2/lib/active_record/base.rb:1673:in `attributes='
    /usr/lib/ruby/gems/1.8/gems/activerecord-1.15.2/lib/active_record/base.rb:1672:in `each'
    /usr/lib/ruby/gems/1.8/gems/activerecord-1.15.2/lib/active_record/base.rb:1672:in `attributes='
    /usr/lib/ruby/gems/1.8/gems/activerecord-1.15.2/lib/active_record/base.rb:1506:in `initialize_without_callbacks'
    /usr/lib/ruby/gems/1.8/gems/activerecord-1.15.2/lib/active_record/callbacks.rb:225:in `initialize'
    /usr/lib/ruby/gems/1.8/gems/activerecord-1.15.2/lib/active_record/base.rb:449:in `new'
    /usr/lib/ruby/gems/1.8/gems/activerecord-1.15.2/lib/active_record/base.rb:449:in `create'
    .//app/models/btbill.rb:18:in `upload_csv'
    /usr/lib/ruby/gems/1.8/gems/fastercsv-1.2.0/lib/faster_csv.rb:1429:in `each'
    /usr/lib/ruby/gems/1.8/gems/fastercsv-1.2.0/lib/faster_csv.rb:1192:in `parse'
    .//app/models/btbill.rb:10:in `upload_csv'
    .//app/controllers/btbills_controller.rb:59:in `create'
    /usr/lib/ruby/gems/1.8/gems/actionpack-1.13.2/lib/action_controller/base.rb:1095:in `send'
    /usr/lib/ruby/gems/1.8/gems/actionpack-1.13.2/lib/action_controller/base.rb:1095:in `perform_action_without_filters'
    /usr/lib/ruby/gems/1.8/gems/actionpack-1.13.2/lib/action_controller/filters.rb:632:in `call_filter'
    /usr/lib/ruby/gems/1.8/gems/actionpack-1.13.2/lib/action_controller/filters.rb:638:in `call_filter'
    /usr/lib/ruby/gems/1.8/gems/actionpack-1.13.2/lib/action_controller/filters.rb:438:in `call'
    /usr/lib/ruby/gems/1.8/gems/actionpack-1.13.2/lib/action_controller/filters.rb:637:in `call_filter'
    /usr/lib/ruby/gems/1.8/gems/actionpack-1.13.2/lib/action_controller/filters.rb:619:in `perform_action_without_benchmark'
    /usr/lib/ruby/gems/1.8/gems/actionpack-1.13.2/lib/action_controller/benchmarking.rb:66:in `perform_action_without_rescue'
    /usr/lib/ruby/1.8/benchmark.rb:293:in `measure'
    /usr/lib/ruby/gems/1.8/gems/actionpack-1.13.2/lib/action_controller/benchmarking.rb:66:in `perform_action_without_rescue'
    /usr/lib/ruby/gems/1.8/gems/actionpack-1.13.2/lib/action_controller/rescue.rb:83:in `perform_action'
    /usr/lib/ruby/gems/1.8/gems/actionpack-1.13.2/lib/action_controller/base.rb:430:in `send'
    /usr/lib/ruby/gems/1.8/gems/actionpack-1.13.2/lib/action_controller/base.rb:430:in `process_without_filters'
    /usr/lib/ruby/gems/1.8/gems/actionpack-1.13.2/lib/action_controller/filters.rb:624:in `process_without_session_management_support'
    /usr/lib/ruby/gems/1.8/gems/actionpack-1.13.2/lib/action_controller/session_management.rb:114:in `process'
    /usr/lib/ruby/gems/1.8/gems/actionpack-1.13.2/lib/action_controller/base.rb:330:in `process'
    /usr/lib/ruby/gems/1.8/gems/rails-1.2.2/lib/dispatcher.rb:41:in `dispatch'
    /usr/lib/ruby/gems/1.8/gems/rails-1.2.2/lib/webrick_server.rb:113:in `handle_dispatch'
    /usr/lib/ruby/gems/1.8/gems/rails-1.2.2/lib/webrick_server.rb:79:in `service'
    /usr/lib/ruby/1.8/webrick/httpserver.rb:104:in `service'
    /usr/lib/ruby/1.8/webrick/httpserver.rb:65:in `run'
    /usr/lib/ruby/1.8/webrick/server.rb:173:in `start_thread'
    /usr/lib/ruby/1.8/webrick/server.rb:162:in `start'
    /usr/lib/ruby/1.8/webrick/server.rb:162:in `start_thread'
    /usr/lib/ruby/1.8/webrick/server.rb:95:in `start'
    /usr/lib/ruby/1.8/webrick/server.rb:92:in `each'
    /usr/lib/ruby/1.8/webrick/server.rb:92:in `start'
    /usr/lib/ruby/1.8/webrick/server.rb:23:in `start'
    /usr/lib/ruby/1.8/webrick/server.rb:82:in `start'
    /usr/lib/ruby/gems/1.8/gems/rails-1.2.2/lib/webrick_server.rb:63:in `dispatch'
    /usr/lib/ruby/gems/1.8/gems/rails-1.2.2/lib/commands/servers/webrick.rb:59
    /usr/lib/ruby/site_ruby/1.8/rubygems/custom_require.rb:27:in `gem_original_require'
    /usr/lib/ruby/site_ruby/1.8/rubygems/custom_require.rb:27:in `require'
    /usr/lib/ruby/gems/1.8/gems/activesupport-1.4.1/lib/active_support/dependencies.rb:495:in `require'
    /usr/lib/ruby/gems/1.8/gems/activesupport-1.4.1/lib/active_support/dependencies.rb:342:in `new_constants_in'
    /usr/lib/ruby/gems/1.8/gems/activesupport-1.4.1/lib/active_support/dependencies.rb:495:in `require'
    /usr/lib/ruby/gems/1.8/gems/rails-1.2.2/lib/commands/server.rb:39
    /usr/lib/ruby/site_ruby/1.8/rubygems/custom_require.rb:27:in `gem_original_require'
    /usr/lib/ruby/site_ruby/1.8/rubygems/custom_require.rb:27:in `require'
    ./script/server:3


Rendering /usr/lib/ruby/gems/1.8/gems/actionpack-1.13.2/lib/action_controller/templates/rescues/layout.rhtml (500 Internal Error)
  [4;36;1mSQL (0.082000)[0m   [0;1mCREATE TABLE schema_info (version integer)[0m
  [4;35;1mSQL (0.074000)[0m   [0mINSERT INTO schema_info (version) VALUES(0)[0m
  [4;36;1mSQL (0.000000)[0m   [0;1mSQLite3::SQLException: table schema_info already exists: CREATE TABLE schema_info (version integer)[0m
  [4;35;1mSQL (0.000000)[0m   [0mSELECT version FROM schema_info[0m
Migrating to CreateBtbills (1)
  [4;36;1mSQL (0.129000)[0m   [0;1mCREATE TABLE btbills ("id" INTEGER PRIMARY KEY NOT NULL, "bill_date" datetime DEFAULT NULL, "uploaded_by" varchar(255) DEFAULT NULL) [0m
  [4;35;1mSQL (0.140000)[0m   [0mUPDATE schema_info SET version = 1[0m
  [4;36;1mSQL (0.000000)[0m   [0;1mSELECT version FROM schema_info[0m
Migrating to CreateBtbilldetails (2)
  [4;35;1mSQL (0.125000)[0m   [0mCREATE TABLE btbilldetails ("id" INTEGER PRIMARY KEY NOT NULL, "chargecode" varchar(255) DEFAULT NULL, "installationno" varchar(255) DEFAULT NULL, "lineno" varchar(255) DEFAULT NULL, "chargecardno" varchar(255) DEFAULT NULL, "date" varchar(255) DEFAULT NULL, "time" varchar(255) DEFAULT NULL, "destination" varchar(255) DEFAULT NULL, "calledno" varchar(255) DEFAULT NULL, "duration" varchar(255) DEFAULT NULL, "txtdirectrebate" varchar(255) DEFAULT NULL, "cost" varchar(255) DEFAULT NULL) [0m
  [4;36;1mSQL (0.125000)[0m   [0;1mUPDATE schema_info SET version = 2[0m
  [4;35;1mSQL (0.000000)[0m   [0mSELECT version FROM schema_info[0m
Migrating to Addedcsv (3)
  [4;36;1mSQL (0.145000)[0m   [0;1mALTER TABLE btbills ADD "billcsv" varchar(255)[0m
  [4;35;1mSQL (0.238000)[0m   [0mVACUUM[0m
  [4;36;1mSQL (0.128000)[0m   [0;1mUPDATE schema_info SET version = 3[0m
  [4;35;1mSQL (0.000000)[0m   [0mSELECT version FROM schema_info[0m
Migrating to BtbillId (4)
  [4;36;1mSQL (0.118000)[0m   [0;1mALTER TABLE btbilldetails ADD "btbill_id" integer[0m
  [4;35;1mSQL (0.222000)[0m   [0mVACUUM[0m
  [4;36;1mSQL (0.098000)[0m   [0;1mUPDATE schema_info SET version = 4[0m
  [4;35;1mSQL (0.004000)[0m   [0mSELECT version FROM schema_info[0m
Migrating to Dropcsv (5)
  [4;36;1mSQL (0.000000)[0m   [0;1mCREATE TEMPORARY TABLE altered_btbills ("id" INTEGER PRIMARY KEY NOT NULL, "bill_date" datetime DEFAULT NULL, "uploaded_by" varchar(255) DEFAULT NULL, "billcsv" varchar(255) DEFAULT NULL) [0m
  [4;35;1mSQL (0.004000)[0m   [0mPRAGMA index_list(btbills)[0m
  [4;36;1mSQL (0.004000)[0m   [0;1mDROP TABLE btbills[0m
  [4;35;1mSQL (0.004000)[0m   [0mCREATE TABLE btbills ("id" INTEGER PRIMARY KEY NOT NULL, "bill_date" datetime DEFAULT NULL, "uploaded_by" varchar(255) DEFAULT NULL) [0m
  [4;36;1mSQL (0.000000)[0m   [0;1mPRAGMA index_list(altered_btbills)[0m
  [4;35;1mSQL (0.000000)[0m   [0mDROP TABLE altered_btbills[0m
  [4;36;1mSQL (0.172000)[0m   [0;1mUPDATE schema_info SET version = 5[0m
  [4;35;1mSQL (0.004000)[0m   [0mSELECT * FROM schema_info[0m
  [4;36;1mSQL (0.000000)[0m   [0;1mSELECT name FROM sqlite_master WHERE type = 'table'[0m
  [4;35;1mSQL (0.000000)[0m   [0mPRAGMA index_list(btbilldetails)[0m
  [4;36;1mSQL (0.000000)[0m   [0;1mPRAGMA index_list(btbills)[0m


Processing BtbillsController#create (for 127.0.0.1 at 2007-03-22 23:04:41) [POST]
  Session ID: ea87d9a0ed3877351e4537bcce493e22
  Parameters: {"commit"=>"Save", "btbill"=>{"uploaded_by"=>"BigOne", "billcsv"=>#<StringIO:0x98df2a8>, "bill_date(1i)"=>"2007", "bill_date(2i)"=>"3", "bill_date(3i)"=>"22", "bill_date(4i)"=>"21", "bill_date(5i)"=>"54"}, "action"=>"create", "controller"=>"btbills"}
#<StringIO:0x98df2a8>
CSV:
#<StringIO:0x98df2a8>
  [4;36;1mSQL (0.000000)[0m   [0;1mINSERT INTO btbills ("uploaded_by", "bill_date") VALUES('BigOne', '2007-03-22 21:54:00')[0m
Redirected to http://127.0.0.1:3000/btbills/list
  [4;35;1mSQL (0.000000)[0m   [0mINSERT INTO btbilldetails ("btbill_id", "calledno", "chargecode", "cost", "time", "date", "destination", "chargecardno", "txtdirectrebate", "duration", "installationno", "lineno") VALUES(1, '07879 436338 ', 'Mobile ', '0.09', '08:57', '08/08/2006', 'Mobile Phone', NULL, '0', '00:00:39', '2890735600', '90735600/0001 ')[0m
  [4;36;1mSQL (0.000000)[0m   [0;1mINSERT INTO btbilldetails ("btbill_id", "calledno", "chargecode", "cost", "time", "date", "destination", "chargecardno", "txtdirectrebate", "duration", "installationno", "lineno") VALUES(1, '07810 336232 ', 'Mobile ', '1.225', '09:00', '08/08/2006', 'Mobile Phone', NULL, '0', '00:09:01', '2890735600', '90735600/0001 ')[0m
  [4;35;1mSQL (0.000000)[0m   [0mINSERT INTO btbilldetails ("btbill_id", "calledno", "chargecode", "cost", "time", "date", "destination", "chargecardno", "txtdirectrebate", "duration", "installationno", "lineno") VALUES(1, '07920 832227 ', 'Mobile ', '0.115', '09:14', '08/08/2006', 'Mobile Phone', NULL, '0', '00:00:50', '2890735600', '90735600/0001 ')[0m
  [4;36;1mSQL (0.011000)[0m   [0;1mINSERT INTO btbilldetails ("btbill_id", "calledno", "chargecode", "cost", "time", "date", "destination", "chargecardno", "txtdirectrebate", "duration", "installationno", "lineno") VALUES(1, '0870 9075127 ', '0870 numbers ', '0.05', '09:15', '08/08/2006', '0870 Numbers', NULL, '0', '00:00:34', '2890735600', '90735600/0001 ')[0m
  [4;35;1mSQL (0.032000)[0m   [0mINSERT INTO btbilldetails ("btbill_id", "calledno", "chargecode", "cost", "time", "date", "destination", "chargecardno", "txtdirectrebate", "duration", "installationno", "lineno") VALUES(1, '07879 810567 ', 'Mobile ', '0.21', '09:18', '08/08/2006', 'Mobile Phone', NULL, '0', '00:01:33', '2890735600', '90735600/0001 ')[0m
Completed in 1.64500 (0 reqs/sec) | DB: 0.04300 (2%) | 302 Found [http://127.0.0.1/btbills/create]


Processing BtbillsController#list (for 127.0.0.1 at 2007-03-22 23:04:44) [GET]
  Session ID: ea87d9a0ed3877351e4537bcce493e22
  Parameters: {"action"=>"list", "controller"=>"btbills"}
  [4;36;1mSQL (0.000000)[0m   [0;1mSELECT count(*) AS count_all FROM btbills [0m
  [4;35;1mBtbill Load (0.000000)[0m   [0mSELECT * FROM btbills LIMIT 10 OFFSET 0[0m
  [4;36;1mBtbilldetail Load (0.004000)[0m   [0;1mSELECT * FROM btbilldetails [0m
Rendering  within layouts/btbills
Rendering btbills/list
Completed in 0.22600 (4 reqs/sec) | Rendering: 0.02700 (11%) | DB: 0.00400 (1%) | 200 OK [http://127.0.0.1/btbills/list]


Processing BtbilldetailsController#index (for 127.0.0.1 at 2007-03-22 23:04:52) [GET]
  Session ID: ea87d9a0ed3877351e4537bcce493e22
  Parameters: {"action"=>"index", "controller"=>"btbilldetails"}
  [4;35;1mSQL (0.000000)[0m   [0mSELECT count(*) AS count_all FROM btbilldetails [0m
  [4;36;1mBtbilldetail Load (0.008000)[0m   [0;1mSELECT * FROM btbilldetails LIMIT 10 OFFSET 0[0m
Rendering layoutfalseactionlist within layouts/btbilldetails
Rendering btbilldetails/list
Completed in 0.17200 (5 reqs/sec) | Rendering: 0.01200 (6%) | DB: 0.00800 (4%) | 200 OK [http://127.0.0.1/btbilldetails]


Processing BtbilldetailsController#show (for 127.0.0.1 at 2007-03-22 23:05:39) [GET]
  Session ID: ea87d9a0ed3877351e4537bcce493e22
  Parameters: {"action"=>"show", "id"=>"1", "controller"=>"btbilldetails"}
  [4;35;1mBtbilldetail Load (0.000000)[0m   [0mSELECT * FROM btbilldetails WHERE (btbilldetails.id = 1) [0m
Rendering  within layouts/btbilldetails
Rendering btbilldetails/show
Completed in 0.20700 (4 reqs/sec) | Rendering: 0.01200 (5%) | DB: 0.00000 (0%) | 200 OK [http://127.0.0.1/btbilldetails/show/1]


Processing BtbilldetailsController#list (for 127.0.0.1 at 2007-03-22 23:05:43) [GET]
  Session ID: ea87d9a0ed3877351e4537bcce493e22
  Parameters: {"action"=>"list", "controller"=>"btbilldetails"}
  [4;36;1mSQL (0.000000)[0m   [0;1mSELECT count(*) AS count_all FROM btbilldetails [0m
  [4;35;1mBtbilldetail Load (0.004000)[0m   [0mSELECT * FROM btbilldetails LIMIT 10 OFFSET 0[0m
Rendering  within layouts/btbilldetails
Rendering btbilldetails/list
Completed in 0.16000 (6 reqs/sec) | Rendering: 0.00800 (5%) | DB: 0.00400 (2%) | 200 OK [http://127.0.0.1/btbilldetails/list]


Processing BtbilldetailsController#index (for 127.0.0.1 at 2007-03-22 23:34:40) [GET]
  Session ID: ea87d9a0ed3877351e4537bcce493e22
  Parameters: {"action"=>"index", "controller"=>"btbilldetails"}
  [4;36;1mSQL (0.000000)[0m   [0;1mSELECT count(*) AS count_all FROM btbilldetails [0m
  [4;35;1mBtbilldetail Load (0.008000)[0m   [0mSELECT * FROM btbilldetails LIMIT 10 OFFSET 0[0m
Rendering layoutfalseactionlist within layouts/btbilldetails
Rendering btbilldetails/list
Completed in 0.19500 (5 reqs/sec) | Rendering: 0.01100 (5%) | DB: 0.00800 (4%) | 200 OK [http://127.0.0.1/btbilldetails]


Processing BtbilldetailsController#index (for 127.0.0.1 at 2007-03-22 23:34:48) [GET]
  Session ID: ea87d9a0ed3877351e4537bcce493e22
  Parameters: {"action"=>"index", "controller"=>"btbilldetails"}
  [4;36;1mSQL (0.000000)[0m   [0;1mSELECT count(*) AS count_all FROM btbilldetails [0m
  [4;35;1mBtbilldetail Load (0.012000)[0m   [0mSELECT * FROM btbilldetails LIMIT 10 OFFSET 0[0m
Rendering layoutfalseactionlist within layouts/btbilldetails
Rendering btbilldetails/list
Completed in 0.31300 (3 reqs/sec) | Rendering: 0.00800 (2%) | DB: 0.01200 (3%) | 200 OK [http://127.0.0.1/btbilldetails]


Processing BtbilldetailsController#index (for 127.0.0.1 at 2007-03-22 23:35:04) [GET]
  Session ID: ea87d9a0ed3877351e4537bcce493e22
  Parameters: {"btbill_id"=>"2", "action"=>"index", "controller"=>"btbilldetails"}


NameError (uninitialized constant BtbilldetailsController::Btbilldetails):
    /usr/lib/ruby/gems/1.8/gems/activesupport-1.4.1/lib/active_support/dependencies.rb:477:in `const_missing'
    .//app/controllers/btbilldetails_controller.rb:15:in `list'
    .//app/controllers/btbilldetails_controller.rb:3:in `index'
    /usr/lib/ruby/gems/1.8/gems/actionpack-1.13.2/lib/action_controller/base.rb:1095:in `send'
    /usr/lib/ruby/gems/1.8/gems/actionpack-1.13.2/lib/action_controller/base.rb:1095:in `perform_action_without_filters'
    /usr/lib/ruby/gems/1.8/gems/actionpack-1.13.2/lib/action_controller/filters.rb:632:in `call_filter'
    /usr/lib/ruby/gems/1.8/gems/actionpack-1.13.2/lib/action_controller/filters.rb:634:in `call_filter'
    /usr/lib/ruby/gems/1.8/gems/actionpack-1.13.2/lib/action_controller/filters.rb:619:in `perform_action_without_benchmark'
    /usr/lib/ruby/gems/1.8/gems/actionpack-1.13.2/lib/action_controller/benchmarking.rb:66:in `perform_action_without_rescue'
    /usr/lib/ruby/1.8/benchmark.rb:293:in `measure'
    /usr/lib/ruby/gems/1.8/gems/actionpack-1.13.2/lib/action_controller/benchmarking.rb:66:in `perform_action_without_rescue'
    /usr/lib/ruby/gems/1.8/gems/actionpack-1.13.2/lib/action_controller/rescue.rb:83:in `perform_action'
    /usr/lib/ruby/gems/1.8/gems/actionpack-1.13.2/lib/action_controller/base.rb:430:in `send'
    /usr/lib/ruby/gems/1.8/gems/actionpack-1.13.2/lib/action_controller/base.rb:430:in `process_without_filters'
    /usr/lib/ruby/gems/1.8/gems/actionpack-1.13.2/lib/action_controller/filters.rb:624:in `process_without_session_management_support'
    /usr/lib/ruby/gems/1.8/gems/actionpack-1.13.2/lib/action_controller/session_management.rb:114:in `process'
    /usr/lib/ruby/gems/1.8/gems/actionpack-1.13.2/lib/action_controller/base.rb:330:in `process'
    /usr/lib/ruby/gems/1.8/gems/rails-1.2.2/lib/dispatcher.rb:41:in `dispatch'
    /usr/lib/ruby/gems/1.8/gems/rails-1.2.2/lib/webrick_server.rb:113:in `handle_dispatch'
    /usr/lib/ruby/gems/1.8/gems/rails-1.2.2/lib/webrick_server.rb:79:in `service'
    /usr/lib/ruby/1.8/webrick/httpserver.rb:104:in `service'
    /usr/lib/ruby/1.8/webrick/httpserver.rb:65:in `run'
    /usr/lib/ruby/1.8/webrick/server.rb:173:in `start_thread'
    /usr/lib/ruby/1.8/webrick/server.rb:162:in `start'
    /usr/lib/ruby/1.8/webrick/server.rb:162:in `start_thread'
    /usr/lib/ruby/1.8/webrick/server.rb:95:in `start'
    /usr/lib/ruby/1.8/webrick/server.rb:92:in `each'
    /usr/lib/ruby/1.8/webrick/server.rb:92:in `start'
    /usr/lib/ruby/1.8/webrick/server.rb:23:in `start'
    /usr/lib/ruby/1.8/webrick/server.rb:82:in `start'
    /usr/lib/ruby/gems/1.8/gems/rails-1.2.2/lib/webrick_server.rb:63:in `dispatch'
    /usr/lib/ruby/gems/1.8/gems/rails-1.2.2/lib/commands/servers/webrick.rb:59
    /usr/lib/ruby/site_ruby/1.8/rubygems/custom_require.rb:27:in `gem_original_require'
    /usr/lib/ruby/site_ruby/1.8/rubygems/custom_require.rb:27:in `require'
    /usr/lib/ruby/gems/1.8/gems/activesupport-1.4.1/lib/active_support/dependencies.rb:495:in `require'
    /usr/lib/ruby/gems/1.8/gems/activesupport-1.4.1/lib/active_support/dependencies.rb:342:in `new_constants_in'
    /usr/lib/ruby/gems/1.8/gems/activesupport-1.4.1/lib/active_support/dependencies.rb:495:in `require'
    /usr/lib/ruby/gems/1.8/gems/rails-1.2.2/lib/commands/server.rb:39
    /usr/lib/ruby/site_ruby/1.8/rubygems/custom_require.rb:27:in `gem_original_require'
    /usr/lib/ruby/site_ruby/1.8/rubygems/custom_require.rb:27:in `require'
    ./script/server:3


Rendering /usr/lib/ruby/gems/1.8/gems/actionpack-1.13.2/lib/action_controller/templates/rescues/layout.rhtml (500 Internal Error)


Processing BtbilldetailsController#index (for 127.0.0.1 at 2007-03-22 23:36:09) [GET]
  Session ID: ea87d9a0ed3877351e4537bcce493e22
  Parameters: {"btbill_id"=>"2", "action"=>"index", "controller"=>"btbilldetails"}
  [4;36;1mBtbilldetail Load (0.000000)[0m   [0;1mSELECT * FROM btbilldetails WHERE (btbill_id = '2') [0m
Rendering layoutfalseactionlist within layouts/btbilldetails
Rendering btbilldetails/list


ActionView::TemplateError (You have a nil object when you didn't expect it!
The error occurred while evaluating nil.current) on line #22 of app/views/btbilldetails/list.rhtml:
19: <% end %>
20: </table>
21: 
22: <%= link_to 'Previous page', { :page => @btbilldetail_pages.current.previous } if @btbilldetail_pages.current.previous %>
23: <%= link_to 'Next page', { :page => @btbilldetail_pages.current.next } if @btbilldetail_pages.current.next %> 
24: 
25: <br />

    #{RAILS_ROOT}/app/views/btbilldetails/list.rhtml:22:in `_run_rhtml_47app47views47btbilldetails47list46rhtml'
    /usr/lib/ruby/gems/1.8/gems/actionpack-1.13.2/lib/action_view/base.rb:326:in `send'
    /usr/lib/ruby/gems/1.8/gems/actionpack-1.13.2/lib/action_view/base.rb:326:in `compile_and_render_template'
    /usr/lib/ruby/gems/1.8/gems/actionpack-1.13.2/lib/action_view/base.rb:301:in `render_template'
    /usr/lib/ruby/gems/1.8/gems/actionpack-1.13.2/lib/action_view/base.rb:260:in `render_file'
    /usr/lib/ruby/gems/1.8/gems/actionpack-1.13.2/lib/action_controller/base.rb:806:in `render_file'
    /usr/lib/ruby/gems/1.8/gems/actionpack-1.13.2/lib/action_controller/base.rb:738:in `render_with_no_layout'
    /usr/lib/ruby/gems/1.8/gems/actionpack-1.13.2/lib/action_controller/base.rb:863:in `render_without_layout'
    /usr/lib/ruby/gems/1.8/gems/actionpack-1.13.2/lib/action_controller/base.rb:798:in `render_action'
    /usr/lib/ruby/gems/1.8/gems/actionpack-1.13.2/lib/action_controller/base.rb:748:in `render_with_no_layout'
    /usr/lib/ruby/gems/1.8/gems/activesupport-1.4.1/lib/active_support/deprecation.rb:43:in `silence'
    /usr/lib/ruby/gems/1.8/gems/actionpack-1.13.2/lib/action_controller/base.rb:747:in `render_with_no_layout'
    /usr/lib/ruby/gems/1.8/gems/actionpack-1.13.2/lib/action_controller/layout.rb:244:in `render_without_benchmark'
    /usr/lib/ruby/gems/1.8/gems/actionpack-1.13.2/lib/action_controller/benchmarking.rb:50:in `render'
    /usr/lib/ruby/1.8/benchmark.rb:293:in `measure'
    /usr/lib/ruby/gems/1.8/gems/actionpack-1.13.2/lib/action_controller/benchmarking.rb:50:in `render'
    app/controllers/btbilldetails_controller.rb:4:in `index'
    /usr/lib/ruby/gems/1.8/gems/actionpack-1.13.2/lib/action_controller/base.rb:1095:in `send'
    /usr/lib/ruby/gems/1.8/gems/actionpack-1.13.2/lib/action_controller/base.rb:1095:in `perform_action_without_filters'
    /usr/lib/ruby/gems/1.8/gems/actionpack-1.13.2/lib/action_controller/filters.rb:632:in `call_filter'
    /usr/lib/ruby/gems/1.8/gems/actionpack-1.13.2/lib/action_controller/filters.rb:634:in `call_filter'
    /usr/lib/ruby/gems/1.8/gems/actionpack-1.13.2/lib/action_controller/filters.rb:619:in `perform_action_without_benchmark'
    /usr/lib/ruby/gems/1.8/gems/actionpack-1.13.2/lib/action_controller/benchmarking.rb:66:in `perform_action_without_rescue'
    /usr/lib/ruby/1.8/benchmark.rb:293:in `measure'
    /usr/lib/ruby/gems/1.8/gems/actionpack-1.13.2/lib/action_controller/benchmarking.rb:66:in `perform_action_without_rescue'
    /usr/lib/ruby/gems/1.8/gems/actionpack-1.13.2/lib/action_controller/rescue.rb:83:in `perform_action'
    /usr/lib/ruby/gems/1.8/gems/actionpack-1.13.2/lib/action_controller/base.rb:430:in `send'
    /usr/lib/ruby/gems/1.8/gems/actionpack-1.13.2/lib/action_controller/base.rb:430:in `process_without_filters'
    /usr/lib/ruby/gems/1.8/gems/actionpack-1.13.2/lib/action_controller/filters.rb:624:in `process_without_session_management_support'
    /usr/lib/ruby/gems/1.8/gems/actionpack-1.13.2/lib/action_controller/session_management.rb:114:in `process'
    /usr/lib/ruby/gems/1.8/gems/actionpack-1.13.2/lib/action_controller/base.rb:330:in `process'
    /usr/lib/ruby/gems/1.8/gems/rails-1.2.2/lib/dispatcher.rb:41:in `dispatch'
    /usr/lib/ruby/gems/1.8/gems/rails-1.2.2/lib/webrick_server.rb:113:in `handle_dispatch'
    /usr/lib/ruby/gems/1.8/gems/rails-1.2.2/lib/webrick_server.rb:79:in `service'
    /usr/lib/ruby/1.8/webrick/httpserver.rb:104:in `service'
    /usr/lib/ruby/1.8/webrick/httpserver.rb:65:in `run'
    /usr/lib/ruby/1.8/webrick/server.rb:173:in `start_thread'
    /usr/lib/ruby/1.8/webrick/server.rb:162:in `start'
    /usr/lib/ruby/1.8/webrick/server.rb:162:in `start_thread'
    /usr/lib/ruby/1.8/webrick/server.rb:95:in `start'
    /usr/lib/ruby/1.8/webrick/server.rb:92:in `each'
    /usr/lib/ruby/1.8/webrick/server.rb:92:in `start'
    /usr/lib/ruby/1.8/webrick/server.rb:23:in `start'
    /usr/lib/ruby/1.8/webrick/server.rb:82:in `start'
    /usr/lib/ruby/gems/1.8/gems/rails-1.2.2/lib/webrick_server.rb:63:in `dispatch'
    /usr/lib/ruby/gems/1.8/gems/rails-1.2.2/lib/commands/servers/webrick.rb:59
    /usr/lib/ruby/site_ruby/1.8/rubygems/custom_require.rb:27:in `gem_original_require'
    /usr/lib/ruby/site_ruby/1.8/rubygems/custom_require.rb:27:in `require'
    /usr/lib/ruby/gems/1.8/gems/activesupport-1.4.1/lib/active_support/dependencies.rb:495:in `require'
    /usr/lib/ruby/gems/1.8/gems/activesupport-1.4.1/lib/active_support/dependencies.rb:342:in `new_constants_in'
    /usr/lib/ruby/gems/1.8/gems/activesupport-1.4.1/lib/active_support/dependencies.rb:495:in `require'
    /usr/lib/ruby/gems/1.8/gems/rails-1.2.2/lib/commands/server.rb:39
    /usr/lib/ruby/site_ruby/1.8/rubygems/custom_require.rb:27:in `gem_original_require'
    /usr/lib/ruby/site_ruby/1.8/rubygems/custom_require.rb:27:in `require'
    script/server:3


Rendering /usr/lib/ruby/gems/1.8/gems/actionpack-1.13.2/lib/action_controller/templates/rescues/layout.rhtml (500 Internal Error)


Processing BtbilldetailsController#index (for 127.0.0.1 at 2007-03-22 23:41:03) [GET]
  Session ID: ea87d9a0ed3877351e4537bcce493e22
  Parameters: {"btbill_id"=>"2", "action"=>"index", "controller"=>"btbilldetails"}


TypeError (can't dup Fixnum):
    /usr/lib/ruby/gems/1.8/gems/activerecord-1.15.2/lib/active_record/base.rb:1668:in `dup'
    /usr/lib/ruby/gems/1.8/gems/activerecord-1.15.2/lib/active_record/base.rb:1668:in `attributes='
    /usr/lib/ruby/gems/1.8/gems/activerecord-1.15.2/lib/active_record/base.rb:1506:in `initialize_without_callbacks'
    /usr/lib/ruby/gems/1.8/gems/activerecord-1.15.2/lib/active_record/callbacks.rb:225:in `initialize'
    /usr/lib/ruby/gems/1.8/gems/activerecord-1.15.2/lib/active_record/associations/belongs_to_association.rb:9:in `new'
    /usr/lib/ruby/gems/1.8/gems/activerecord-1.15.2/lib/active_record/associations/belongs_to_association.rb:9:in `build'
    /usr/lib/ruby/gems/1.8/gems/activerecord-1.15.2/lib/active_record/associations.rb:1007:in `send'
    /usr/lib/ruby/gems/1.8/gems/activerecord-1.15.2/lib/active_record/associations.rb:1007:in `association_constructor_method'
    /usr/lib/ruby/gems/1.8/gems/activerecord-1.15.2/lib/active_record/associations.rb:994:in `define_method'
    /usr/lib/ruby/gems/1.8/gems/activerecord-1.15.2/lib/active_record/associations.rb:994:in `association_constructor_method'
    /usr/lib/ruby/gems/1.8/gems/activerecord-1.15.2/lib/active_record/associations.rb:706:in `belongs_to'
    .//app/models/btbilldetail.rb:2
    /usr/lib/ruby/gems/1.8/gems/activesupport-1.4.1/lib/active_support/dependencies.rb:203:in `load_without_new_constant_marking'
    /usr/lib/ruby/gems/1.8/gems/activesupport-1.4.1/lib/active_support/dependencies.rb:203:in `load_file'
    /usr/lib/ruby/gems/1.8/gems/activesupport-1.4.1/lib/active_support/dependencies.rb:342:in `new_constants_in'
    /usr/lib/ruby/gems/1.8/gems/activesupport-1.4.1/lib/active_support/dependencies.rb:202:in `load_file'
    /usr/lib/ruby/gems/1.8/gems/activesupport-1.4.1/lib/active_support/dependencies.rb:94:in `require_or_load'
    /usr/lib/ruby/gems/1.8/gems/activesupport-1.4.1/lib/active_support/dependencies.rb:248:in `load_missing_constant'
    /usr/lib/ruby/gems/1.8/gems/activesupport-1.4.1/lib/active_support/dependencies.rb:452:in `const_missing'
    /usr/lib/ruby/gems/1.8/gems/activesupport-1.4.1/lib/active_support/dependencies.rb:464:in `const_missing'
    /usr/lib/ruby/gems/1.8/gems/activesupport-1.4.1/lib/active_support/dependencies.rb:260:in `load_missing_constant'
    /usr/lib/ruby/gems/1.8/gems/activesupport-1.4.1/lib/active_support/dependencies.rb:468:in `const_missing'
    .//app/controllers/btbilldetails_controller.rb:15:in `list'
    .//app/controllers/btbilldetails_controller.rb:3:in `index'
    /usr/lib/ruby/gems/1.8/gems/actionpack-1.13.2/lib/action_controller/base.rb:1095:in `send'
    /usr/lib/ruby/gems/1.8/gems/actionpack-1.13.2/lib/action_controller/base.rb:1095:in `perform_action_without_filters'
    /usr/lib/ruby/gems/1.8/gems/actionpack-1.13.2/lib/action_controller/filters.rb:632:in `call_filter'
    /usr/lib/ruby/gems/1.8/gems/actionpack-1.13.2/lib/action_controller/filters.rb:634:in `call_filter'
    /usr/lib/ruby/gems/1.8/gems/actionpack-1.13.2/lib/action_controller/filters.rb:619:in `perform_action_without_benchmark'
    /usr/lib/ruby/gems/1.8/gems/actionpack-1.13.2/lib/action_controller/benchmarking.rb:66:in `perform_action_without_rescue'
    /usr/lib/ruby/1.8/benchmark.rb:293:in `measure'
    /usr/lib/ruby/gems/1.8/gems/actionpack-1.13.2/lib/action_controller/benchmarking.rb:66:in `perform_action_without_rescue'
    /usr/lib/ruby/gems/1.8/gems/actionpack-1.13.2/lib/action_controller/rescue.rb:83:in `perform_action'
    /usr/lib/ruby/gems/1.8/gems/actionpack-1.13.2/lib/action_controller/base.rb:430:in `send'
    /usr/lib/ruby/gems/1.8/gems/actionpack-1.13.2/lib/action_controller/base.rb:430:in `process_without_filters'
    /usr/lib/ruby/gems/1.8/gems/actionpack-1.13.2/lib/action_controller/filters.rb:624:in `process_without_session_management_support'
    /usr/lib/ruby/gems/1.8/gems/actionpack-1.13.2/lib/action_controller/session_management.rb:114:in `process'
    /usr/lib/ruby/gems/1.8/gems/actionpack-1.13.2/lib/action_controller/base.rb:330:in `process'
    /usr/lib/ruby/gems/1.8/gems/rails-1.2.2/lib/dispatcher.rb:41:in `dispatch'
    /usr/lib/ruby/gems/1.8/gems/rails-1.2.2/lib/webrick_server.rb:113:in `handle_dispatch'
    /usr/lib/ruby/gems/1.8/gems/rails-1.2.2/lib/webrick_server.rb:79:in `service'
    /usr/lib/ruby/1.8/webrick/httpserver.rb:104:in `service'
    /usr/lib/ruby/1.8/webrick/httpserver.rb:65:in `run'
    /usr/lib/ruby/1.8/webrick/server.rb:173:in `start_thread'
    /usr/lib/ruby/1.8/webrick/server.rb:162:in `start'
    /usr/lib/ruby/1.8/webrick/server.rb:162:in `start_thread'
    /usr/lib/ruby/1.8/webrick/server.rb:95:in `start'
    /usr/lib/ruby/1.8/webrick/server.rb:92:in `each'
    /usr/lib/ruby/1.8/webrick/server.rb:92:in `start'
    /usr/lib/ruby/1.8/webrick/server.rb:23:in `start'
    /usr/lib/ruby/1.8/webrick/server.rb:82:in `start'
    /usr/lib/ruby/gems/1.8/gems/rails-1.2.2/lib/webrick_server.rb:63:in `dispatch'
    /usr/lib/ruby/gems/1.8/gems/rails-1.2.2/lib/commands/servers/webrick.rb:59
    /usr/lib/ruby/site_ruby/1.8/rubygems/custom_require.rb:27:in `gem_original_require'
    /usr/lib/ruby/site_ruby/1.8/rubygems/custom_require.rb:27:in `require'
    /usr/lib/ruby/gems/1.8/gems/activesupport-1.4.1/lib/active_support/dependencies.rb:495:in `require'
    /usr/lib/ruby/gems/1.8/gems/activesupport-1.4.1/lib/active_support/dependencies.rb:342:in `new_constants_in'
    /usr/lib/ruby/gems/1.8/gems/activesupport-1.4.1/lib/active_support/dependencies.rb:495:in `require'
    /usr/lib/ruby/gems/1.8/gems/rails-1.2.2/lib/commands/server.rb:39
    /usr/lib/ruby/site_ruby/1.8/rubygems/custom_require.rb:27:in `gem_original_require'
    /usr/lib/ruby/site_ruby/1.8/rubygems/custom_require.rb:27:in `require'
    ./script/server:3


Rendering /usr/lib/ruby/gems/1.8/gems/actionpack-1.13.2/lib/action_controller/templates/rescues/layout.rhtml (500 Internal Error)


Processing BtbillsController#create (for 127.0.0.1 at 2007-03-22 23:43:10) [POST]
  Session ID: ea87d9a0ed3877351e4537bcce493e22
  Parameters: {"commit"=>"Save", "btbill"=>{"uploaded_by"=>"BigOne", "billcsv"=>#<StringIO:0x965e790>, "bill_date(1i)"=>"2007", "bill_date(2i)"=>"3", "bill_date(3i)"=>"22", "bill_date(4i)"=>"21", "bill_date(5i)"=>"54"}, "action"=>"create", "controller"=>"btbills"}
#<StringIO:0x965e790>
CSV:
#<StringIO:0x965e790>
  [4;35;1mSQL (0.004000)[0m   [0mINSERT INTO btbills ("uploaded_by", "bill_date") VALUES('BigOne', '2007-03-22 21:54:00')[0m
Redirected to http://127.0.0.1:3000/btbills/list
  [4;36;1mSQL (0.000000)[0m   [0;1mINSERT INTO btbilldetails ("btbill_id", "calledno", "chargecode", "cost", "time", "date", "destination", "chargecardno", "txtdirectrebate", "duration", "installationno", "lineno") VALUES(2, '07879 436338 ', 'Mobile ', '0.09', '08:57', '08/08/2006', 'Mobile Phone', NULL, '0', '00:00:39', '2890735600', '90735600/0001 ')[0m
  [4;35;1mSQL (0.000000)[0m   [0mINSERT INTO btbilldetails ("btbill_id", "calledno", "chargecode", "cost", "time", "date", "destination", "chargecardno", "txtdirectrebate", "duration", "installationno", "lineno") VALUES(2, '07810 336232 ', 'Mobile ', '1.225', '09:00', '08/08/2006', 'Mobile Phone', NULL, '0', '00:09:01', '2890735600', '90735600/0001 ')[0m
  [4;36;1mSQL (0.000000)[0m   [0;1mINSERT INTO btbilldetails ("btbill_id", "calledno", "chargecode", "cost", "time", "date", "destination", "chargecardno", "txtdirectrebate", "duration", "installationno", "lineno") VALUES(2, '07920 832227 ', 'Mobile ', '0.115', '09:14', '08/08/2006', 'Mobile Phone', NULL, '0', '00:00:50', '2890735600', '90735600/0001 ')[0m
  [4;35;1mSQL (0.004000)[0m   [0mINSERT INTO btbilldetails ("btbill_id", "calledno", "chargecode", "cost", "time", "date", "destination", "chargecardno", "txtdirectrebate", "duration", "installationno", "lineno") VALUES(2, '0870 9075127 ', '0870 numbers ', '0.05', '09:15', '08/08/2006', '0870 Numbers', NULL, '0', '00:00:34', '2890735600', '90735600/0001 ')[0m
  [4;36;1mSQL (0.011000)[0m   [0;1mINSERT INTO btbilldetails ("btbill_id", "calledno", "chargecode", "cost", "time", "date", "destination", "chargecardno", "txtdirectrebate", "duration", "installationno", "lineno") VALUES(2, '07879 810567 ', 'Mobile ', '0.21', '09:18', '08/08/2006', 'Mobile Phone', NULL, '0', '00:01:33', '2890735600', '90735600/0001 ')[0m
Completed in 1.04700 (0 reqs/sec) | DB: 0.01900 (1%) | 302 Found [http://127.0.0.1/btbills/create]


Processing BtbillsController#list (for 127.0.0.1 at 2007-03-22 23:43:11) [GET]
  Session ID: ea87d9a0ed3877351e4537bcce493e22
  Parameters: {"action"=>"list", "controller"=>"btbills"}
  [4;35;1mSQL (0.000000)[0m   [0mSELECT count(*) AS count_all FROM btbills [0m
  [4;36;1mBtbill Load (0.000000)[0m   [0;1mSELECT * FROM btbills LIMIT 10 OFFSET 0[0m
  [4;35;1mBtbilldetail Load (0.008000)[0m   [0mSELECT * FROM btbilldetails [0m
Rendering  within layouts/btbills
Rendering btbills/list
Completed in 0.72300 (1 reqs/sec) | Rendering: 0.00400 (0%) | DB: 0.00800 (1%) | 200 OK [http://127.0.0.1/btbills/list]


Processing BtbillsController#show (for 127.0.0.1 at 2007-03-22 23:43:15) [GET]
  Session ID: ea87d9a0ed3877351e4537bcce493e22
  Parameters: {"action"=>"show", "id"=>"2", "controller"=>"btbills"}
  [4;36;1mBtbill Load (0.000000)[0m   [0;1mSELECT * FROM btbills WHERE (btbills.id = 2) [0m
Rendering  within layouts/btbills
Rendering btbills/show
Completed in 0.18000 (5 reqs/sec) | Rendering: 0.00400 (2%) | DB: 0.00000 (0%) | 200 OK [http://127.0.0.1/btbills/show/2]


Processing BtbillsController#edit (for 127.0.0.1 at 2007-03-22 23:43:21) [GET]
  Session ID: ea87d9a0ed3877351e4537bcce493e22
  Parameters: {"action"=>"edit", "id"=>"2", "controller"=>"btbills"}
  [4;35;1mBtbill Load (0.000000)[0m   [0mSELECT * FROM btbills WHERE (btbills.id = 2) [0m
Rendering  within layouts/btbills
Rendering btbills/edit
Rendered btbills/_form (0.00400)
Completed in 0.17600 (5 reqs/sec) | Rendering: 0.00800 (4%) | DB: 0.00000 (0%) | 200 OK [http://127.0.0.1/btbills/edit/2]


Processing BtbillsController#update (for 127.0.0.1 at 2007-03-22 23:43:29) [POST]
  Session ID: ea87d9a0ed3877351e4537bcce493e22
  Parameters: {"commit"=>"Edit", "btbill"=>{"uploaded_by"=>"BigTwo", "billcsv"=>"", "bill_date(1i)"=>"2007", "bill_date(2i)"=>"3", "bill_date(3i)"=>"22", "bill_date(4i)"=>"21", "bill_date(5i)"=>"54"}, "action"=>"update", "id"=>"2", "controller"=>"btbills"}
  [4;36;1mBtbill Load (0.000000)[0m   [0;1mSELECT * FROM btbills WHERE (btbills.id = 2) [0m


NoMethodError (undefined method `billcsv=' for #<Btbill:0x90c9de8>):
    /usr/lib/ruby/gems/1.8/gems/activerecord-1.15.2/lib/active_record/base.rb:1858:in `method_missing'
    /usr/lib/ruby/gems/1.8/gems/activerecord-1.15.2/lib/active_record/base.rb:1673:in `send'
    /usr/lib/ruby/gems/1.8/gems/activerecord-1.15.2/lib/active_record/base.rb:1673:in `attributes='
    /usr/lib/ruby/gems/1.8/gems/activerecord-1.15.2/lib/active_record/base.rb:1672:in `each'
    /usr/lib/ruby/gems/1.8/gems/activerecord-1.15.2/lib/active_record/base.rb:1672:in `attributes='
    /usr/lib/ruby/gems/1.8/gems/activerecord-1.15.2/lib/active_record/base.rb:1592:in `update_attributes'
    .//app/controllers/btbills_controller.rb:78:in `update'
    /usr/lib/ruby/gems/1.8/gems/actionpack-1.13.2/lib/action_controller/base.rb:1095:in `send'
    /usr/lib/ruby/gems/1.8/gems/actionpack-1.13.2/lib/action_controller/base.rb:1095:in `perform_action_without_filters'
    /usr/lib/ruby/gems/1.8/gems/actionpack-1.13.2/lib/action_controller/filters.rb:632:in `call_filter'
    /usr/lib/ruby/gems/1.8/gems/actionpack-1.13.2/lib/action_controller/filters.rb:638:in `call_filter'
    /usr/lib/ruby/gems/1.8/gems/actionpack-1.13.2/lib/action_controller/filters.rb:438:in `call'
    /usr/lib/ruby/gems/1.8/gems/actionpack-1.13.2/lib/action_controller/filters.rb:637:in `call_filter'
    /usr/lib/ruby/gems/1.8/gems/actionpack-1.13.2/lib/action_controller/filters.rb:619:in `perform_action_without_benchmark'
    /usr/lib/ruby/gems/1.8/gems/actionpack-1.13.2/lib/action_controller/benchmarking.rb:66:in `perform_action_without_rescue'
    /usr/lib/ruby/1.8/benchmark.rb:293:in `measure'
    /usr/lib/ruby/gems/1.8/gems/actionpack-1.13.2/lib/action_controller/benchmarking.rb:66:in `perform_action_without_rescue'
    /usr/lib/ruby/gems/1.8/gems/actionpack-1.13.2/lib/action_controller/rescue.rb:83:in `perform_action'
    /usr/lib/ruby/gems/1.8/gems/actionpack-1.13.2/lib/action_controller/base.rb:430:in `send'
    /usr/lib/ruby/gems/1.8/gems/actionpack-1.13.2/lib/action_controller/base.rb:430:in `process_without_filters'
    /usr/lib/ruby/gems/1.8/gems/actionpack-1.13.2/lib/action_controller/filters.rb:624:in `process_without_session_management_support'
    /usr/lib/ruby/gems/1.8/gems/actionpack-1.13.2/lib/action_controller/session_management.rb:114:in `process'
    /usr/lib/ruby/gems/1.8/gems/actionpack-1.13.2/lib/action_controller/base.rb:330:in `process'
    /usr/lib/ruby/gems/1.8/gems/rails-1.2.2/lib/dispatcher.rb:41:in `dispatch'
    /usr/lib/ruby/gems/1.8/gems/rails-1.2.2/lib/webrick_server.rb:113:in `handle_dispatch'
    /usr/lib/ruby/gems/1.8/gems/rails-1.2.2/lib/webrick_server.rb:79:in `service'
    /usr/lib/ruby/1.8/webrick/httpserver.rb:104:in `service'
    /usr/lib/ruby/1.8/webrick/httpserver.rb:65:in `run'
    /usr/lib/ruby/1.8/webrick/server.rb:173:in `start_thread'
    /usr/lib/ruby/1.8/webrick/server.rb:162:in `start'
    /usr/lib/ruby/1.8/webrick/server.rb:162:in `start_thread'
    /usr/lib/ruby/1.8/webrick/server.rb:95:in `start'
    /usr/lib/ruby/1.8/webrick/server.rb:92:in `each'
    /usr/lib/ruby/1.8/webrick/server.rb:92:in `start'
    /usr/lib/ruby/1.8/webrick/server.rb:23:in `start'
    /usr/lib/ruby/1.8/webrick/server.rb:82:in `start'
    /usr/lib/ruby/gems/1.8/gems/rails-1.2.2/lib/webrick_server.rb:63:in `dispatch'
    /usr/lib/ruby/gems/1.8/gems/rails-1.2.2/lib/commands/servers/webrick.rb:59
    /usr/lib/ruby/site_ruby/1.8/rubygems/custom_require.rb:27:in `gem_original_require'
    /usr/lib/ruby/site_ruby/1.8/rubygems/custom_require.rb:27:in `require'
    /usr/lib/ruby/gems/1.8/gems/activesupport-1.4.1/lib/active_support/dependencies.rb:495:in `require'
    /usr/lib/ruby/gems/1.8/gems/activesupport-1.4.1/lib/active_support/dependencies.rb:342:in `new_constants_in'
    /usr/lib/ruby/gems/1.8/gems/activesupport-1.4.1/lib/active_support/dependencies.rb:495:in `require'
    /usr/lib/ruby/gems/1.8/gems/rails-1.2.2/lib/commands/server.rb:39
    /usr/lib/ruby/site_ruby/1.8/rubygems/custom_require.rb:27:in `gem_original_require'
    /usr/lib/ruby/site_ruby/1.8/rubygems/custom_require.rb:27:in `require'
    ./script/server:3


Rendering /usr/lib/ruby/gems/1.8/gems/actionpack-1.13.2/lib/action_controller/templates/rescues/layout.rhtml (500 Internal Error)


Processing BtbillsController#index (for 127.0.0.1 at 2007-03-22 23:43:43) [GET]
  Session ID: ea87d9a0ed3877351e4537bcce493e22
  Parameters: {"action"=>"index", "controller"=>"btbills"}
  [4;35;1mSQL (0.004000)[0m   [0mSELECT count(*) AS count_all FROM btbills [0m
  [4;36;1mBtbill Load (0.000000)[0m   [0;1mSELECT * FROM btbills LIMIT 10 OFFSET 0[0m
  [4;35;1mBtbilldetail Load (0.008000)[0m   [0mSELECT * FROM btbilldetails [0m
Rendering layoutfalseactionlist within layouts/btbills
Rendering btbills/list
Completed in 0.59400 (1 reqs/sec) | Rendering: 0.01200 (2%) | DB: 0.01200 (2%) | 200 OK [http://127.0.0.1/btbills]


Processing BtbilldetailsController#index (for 127.0.0.1 at 2007-03-22 23:43:52) [GET]
  Session ID: ea87d9a0ed3877351e4537bcce493e22
  Parameters: {"action"=>"index", "controller"=>"btbilldetails"}
  [4;36;1mSQL (0.000000)[0m   [0;1mSELECT count(*) AS count_all FROM btbilldetails [0m
  [4;35;1mBtbilldetail Load (0.004000)[0m   [0mSELECT * FROM btbilldetails LIMIT 10 OFFSET 0[0m
Rendering layoutfalseactionlist within layouts/btbilldetails
Rendering btbilldetails/list
Completed in 0.20700 (4 reqs/sec) | Rendering: 0.01500 (7%) | DB: 0.00400 (1%) | 200 OK [http://127.0.0.1/btbilldetails]


Processing BtbilldetailsController#index (for 127.0.0.1 at 2007-03-22 23:44:03) [GET]
  Session ID: ea87d9a0ed3877351e4537bcce493e22
  Parameters: {"btbill_id"=>"2", "action"=>"index", "controller"=>"btbilldetails"}
  [4;36;1mSQL (0.000000)[0m   [0;1mSELECT count(*) AS count_all FROM btbilldetails [0m
DEPRECATION WARNING: @params is deprecated! Call params.[] instead of @params.[]. Args: ["page"]  See http://www.rubyonrails.org/deprecation for details. (called from list at ./script/../config/../app/controllers/btbilldetails_controller.rb:15)
  [4;35;1mBtbilldetail Load (0.004000)[0m   [0mSELECT * FROM btbilldetails WHERE (btbill_id = '2') [0m
Rendering layoutfalseactionlist within layouts/btbilldetails
Rendering btbilldetails/list
Completed in 0.22700 (4 reqs/sec) | Rendering: 0.01200 (5%) | DB: 0.00400 (1%) | 200 OK [http://127.0.0.1/btbilldetails?btbill_id=2]


Processing BtbilldetailsController#index (for 127.0.0.1 at 2007-03-22 23:44:12) [GET]
  Session ID: ea87d9a0ed3877351e4537bcce493e22
  Parameters: {"btbill_id"=>"1", "action"=>"index", "controller"=>"btbilldetails"}
  [4;36;1mSQL (0.000000)[0m   [0;1mSELECT count(*) AS count_all FROM btbilldetails [0m
DEPRECATION WARNING: @params is deprecated! Call params.[] instead of @params.[]. Args: ["page"]  See http://www.rubyonrails.org/deprecation for details. (called from list at ./script/../config/../app/controllers/btbilldetails_controller.rb:15)
  [4;35;1mBtbilldetail Load (0.004000)[0m   [0mSELECT * FROM btbilldetails WHERE (btbill_id = '1') [0m
Rendering layoutfalseactionlist within layouts/btbilldetails
Rendering btbilldetails/list
Completed in 0.16500 (6 reqs/sec) | Rendering: 0.00800 (4%) | DB: 0.00400 (2%) | 200 OK [http://127.0.0.1/btbilldetails?btbill_id=1]


Processing BtbilldetailsController#index (for 127.0.0.1 at 2007-03-22 23:44:18) [GET]
  Session ID: ea87d9a0ed3877351e4537bcce493e22
  Parameters: {"btbill_id"=>"3", "action"=>"index", "controller"=>"btbilldetails"}
  [4;36;1mSQL (0.000000)[0m   [0;1mSELECT count(*) AS count_all FROM btbilldetails [0m
DEPRECATION WARNING: @params is deprecated! Call params.[] instead of @params.[]. Args: ["page"]  See http://www.rubyonrails.org/deprecation for details. (called from list at ./script/../config/../app/controllers/btbilldetails_controller.rb:15)
  [4;35;1mBtbilldetail Load (0.000000)[0m   [0mSELECT * FROM btbilldetails WHERE (btbill_id = '3') [0m
Rendering layoutfalseactionlist within layouts/btbilldetails
Rendering btbilldetails/list
Completed in 0.18300 (5 reqs/sec) | Rendering: 0.00400 (2%) | DB: 0.00000 (0%) | 200 OK [http://127.0.0.1/btbilldetails?btbill_id=3]


Processing BtbillsController#index (for 127.0.0.1 at 2007-03-22 23:56:20) [GET]
  Session ID: ea87d9a0ed3877351e4537bcce493e22
  Parameters: {"action"=>"index", "controller"=>"btbills"}
  [4;36;1mSQL (0.004000)[0m   [0;1mSELECT count(*) AS count_all FROM btbills [0m
  [4;35;1mBtbill Load (0.000000)[0m   [0mSELECT * FROM btbills LIMIT 10 OFFSET 0[0m
  [4;36;1mBtbilldetail Load (0.008000)[0m   [0;1mSELECT * FROM btbilldetails [0m
Rendering layoutfalseactionlist within layouts/btbills
Rendering btbills/list


ActionView::TemplateError (undefined method `name=' for #<ActiveRecord::ConnectionAdapters::SQLiteColumn:0xa3cc8c8>) on line #13 of app/views/btbills/list.rhtml:
10: <% for btbill in @btbills %>
11:   <tr>
12:   <% for column in Btbill.columns %>
13:     <% if column.name = "id" %>
14:       <td>LINK <%=h btbill.send(column.name) %></td>
15:     <% else %>
16:       <td><%=h btbill.send(column.name) %></td>

    #{RAILS_ROOT}/app/views/btbills/list.rhtml:13:in `_run_rhtml_47app47views47btbills47list46rhtml'
    #{RAILS_ROOT}/app/views/btbills/list.rhtml:12:in `each'
    #{RAILS_ROOT}/app/views/btbills/list.rhtml:12:in `_run_rhtml_47app47views47btbills47list46rhtml'
    #{RAILS_ROOT}/app/views/btbills/list.rhtml:10:in `each'
    #{RAILS_ROOT}/app/views/btbills/list.rhtml:10:in `_run_rhtml_47app47views47btbills47list46rhtml'
    /usr/lib/ruby/gems/1.8/gems/actionpack-1.13.2/lib/action_view/base.rb:326:in `send'
    /usr/lib/ruby/gems/1.8/gems/actionpack-1.13.2/lib/action_view/base.rb:326:in `compile_and_render_template'
    /usr/lib/ruby/gems/1.8/gems/actionpack-1.13.2/lib/action_view/base.rb:301:in `render_template'
    /usr/lib/ruby/gems/1.8/gems/actionpack-1.13.2/lib/action_view/base.rb:260:in `render_file'
    /usr/lib/ruby/gems/1.8/gems/actionpack-1.13.2/lib/action_controller/base.rb:806:in `render_file'
    /usr/lib/ruby/gems/1.8/gems/actionpack-1.13.2/lib/action_controller/base.rb:738:in `render_with_no_layout'
    /usr/lib/ruby/gems/1.8/gems/actionpack-1.13.2/lib/action_controller/base.rb:863:in `render_without_layout'
    /usr/lib/ruby/gems/1.8/gems/actionpack-1.13.2/lib/action_controller/base.rb:798:in `render_action'
    /usr/lib/ruby/gems/1.8/gems/actionpack-1.13.2/lib/action_controller/base.rb:748:in `render_with_no_layout'
    /usr/lib/ruby/gems/1.8/gems/activesupport-1.4.1/lib/active_support/deprecation.rb:43:in `silence'
    /usr/lib/ruby/gems/1.8/gems/actionpack-1.13.2/lib/action_controller/base.rb:747:in `render_with_no_layout'
    /usr/lib/ruby/gems/1.8/gems/actionpack-1.13.2/lib/action_controller/layout.rb:244:in `render_without_benchmark'
    /usr/lib/ruby/gems/1.8/gems/actionpack-1.13.2/lib/action_controller/benchmarking.rb:50:in `render'
    /usr/lib/ruby/1.8/benchmark.rb:293:in `measure'
    /usr/lib/ruby/gems/1.8/gems/actionpack-1.13.2/lib/action_controller/benchmarking.rb:50:in `render'
    app/controllers/btbills_controller.rb:4:in `index'
    /usr/lib/ruby/gems/1.8/gems/actionpack-1.13.2/lib/action_controller/base.rb:1095:in `send'
    /usr/lib/ruby/gems/1.8/gems/actionpack-1.13.2/lib/action_controller/base.rb:1095:in `perform_action_without_filters'
    /usr/lib/ruby/gems/1.8/gems/actionpack-1.13.2/lib/action_controller/filters.rb:632:in `call_filter'
    /usr/lib/ruby/gems/1.8/gems/actionpack-1.13.2/lib/action_controller/filters.rb:634:in `call_filter'
    /usr/lib/ruby/gems/1.8/gems/actionpack-1.13.2/lib/action_controller/filters.rb:619:in `perform_action_without_benchmark'
    /usr/lib/ruby/gems/1.8/gems/actionpack-1.13.2/lib/action_controller/benchmarking.rb:66:in `perform_action_without_rescue'
    /usr/lib/ruby/1.8/benchmark.rb:293:in `measure'
    /usr/lib/ruby/gems/1.8/gems/actionpack-1.13.2/lib/action_controller/benchmarking.rb:66:in `perform_action_without_rescue'
    /usr/lib/ruby/gems/1.8/gems/actionpack-1.13.2/lib/action_controller/rescue.rb:83:in `perform_action'
    /usr/lib/ruby/gems/1.8/gems/actionpack-1.13.2/lib/action_controller/base.rb:430:in `send'
    /usr/lib/ruby/gems/1.8/gems/actionpack-1.13.2/lib/action_controller/base.rb:430:in `process_without_filters'
    /usr/lib/ruby/gems/1.8/gems/actionpack-1.13.2/lib/action_controller/filters.rb:624:in `process_without_session_management_support'
    /usr/lib/ruby/gems/1.8/gems/actionpack-1.13.2/lib/action_controller/session_management.rb:114:in `process'
    /usr/lib/ruby/gems/1.8/gems/actionpack-1.13.2/lib/action_controller/base.rb:330:in `process'
    /usr/lib/ruby/gems/1.8/gems/rails-1.2.2/lib/dispatcher.rb:41:in `dispatch'
    /usr/lib/ruby/gems/1.8/gems/rails-1.2.2/lib/webrick_server.rb:113:in `handle_dispatch'
    /usr/lib/ruby/gems/1.8/gems/rails-1.2.2/lib/webrick_server.rb:79:in `service'
    /usr/lib/ruby/1.8/webrick/httpserver.rb:104:in `service'
    /usr/lib/ruby/1.8/webrick/httpserver.rb:65:in `run'
    /usr/lib/ruby/1.8/webrick/server.rb:173:in `start_thread'
    /usr/lib/ruby/1.8/webrick/server.rb:162:in `start'
    /usr/lib/ruby/1.8/webrick/server.rb:162:in `start_thread'
    /usr/lib/ruby/1.8/webrick/server.rb:95:in `start'
    /usr/lib/ruby/1.8/webrick/server.rb:92:in `each'
    /usr/lib/ruby/1.8/webrick/server.rb:92:in `start'
    /usr/lib/ruby/1.8/webrick/server.rb:23:in `start'
    /usr/lib/ruby/1.8/webrick/server.rb:82:in `start'
    /usr/lib/ruby/gems/1.8/gems/rails-1.2.2/lib/webrick_server.rb:63:in `dispatch'
    /usr/lib/ruby/gems/1.8/gems/rails-1.2.2/lib/commands/servers/webrick.rb:59
    /usr/lib/ruby/site_ruby/1.8/rubygems/custom_require.rb:27:in `gem_original_require'
    /usr/lib/ruby/site_ruby/1.8/rubygems/custom_require.rb:27:in `require'
    /usr/lib/ruby/gems/1.8/gems/activesupport-1.4.1/lib/active_support/dependencies.rb:495:in `require'
    /usr/lib/ruby/gems/1.8/gems/activesupport-1.4.1/lib/active_support/dependencies.rb:342:in `new_constants_in'
    /usr/lib/ruby/gems/1.8/gems/activesupport-1.4.1/lib/active_support/dependencies.rb:495:in `require'
    /usr/lib/ruby/gems/1.8/gems/rails-1.2.2/lib/commands/server.rb:39
    /usr/lib/ruby/site_ruby/1.8/rubygems/custom_require.rb:27:in `gem_original_require'
    /usr/lib/ruby/site_ruby/1.8/rubygems/custom_require.rb:27:in `require'
    script/server:3


Rendering /usr/lib/ruby/gems/1.8/gems/actionpack-1.13.2/lib/action_controller/templates/rescues/layout.rhtml (500 Internal Error)


Processing BtbillsController#index (for 127.0.0.1 at 2007-03-22 23:57:02) [GET]
  Session ID: ea87d9a0ed3877351e4537bcce493e22
  Parameters: {"action"=>"index", "controller"=>"btbills"}
  [4;35;1mSQL (0.000000)[0m   [0mSELECT count(*) AS count_all FROM btbills [0m
  [4;36;1mBtbill Load (0.000000)[0m   [0;1mSELECT * FROM btbills LIMIT 10 OFFSET 0[0m
  [4;35;1mBtbilldetail Load (0.004000)[0m   [0mSELECT * FROM btbilldetails [0m
Rendering layoutfalseactionlist within layouts/btbills
Rendering btbills/list
Completed in 0.24600 (4 reqs/sec) | Rendering: 0.03100 (12%) | DB: 0.00400 (1%) | 200 OK [http://127.0.0.1/btbills]


Processing BtbillsController#index (for 127.0.0.1 at 2007-03-22 23:58:12) [GET]
  Session ID: ea87d9a0ed3877351e4537bcce493e22
  Parameters: {"action"=>"index", "controller"=>"btbills"}
  [4;36;1mSQL (0.000000)[0m   [0;1mSELECT count(*) AS count_all FROM btbills [0m
  [4;35;1mBtbill Load (0.000000)[0m   [0mSELECT * FROM btbills LIMIT 10 OFFSET 0[0m
  [4;36;1mBtbilldetail Load (0.007000)[0m   [0;1mSELECT * FROM btbilldetails [0m
Rendering layoutfalseactionlist within layouts/btbills
Rendering btbills/list
Completed in 0.23000 (4 reqs/sec) | Rendering: 0.00800 (3%) | DB: 0.00700 (3%) | 200 OK [http://127.0.0.1/btbills]


Processing BtbillsController#index (for 127.0.0.1 at 2007-03-23 00:03:51) [GET]
  Session ID: ea87d9a0ed3877351e4537bcce493e22
  Parameters: {"action"=>"index", "controller"=>"btbills"}
  [4;35;1mSQL (0.011000)[0m   [0mSELECT count(*) AS count_all FROM btbills [0m
  [4;36;1mBtbill Load (0.000000)[0m   [0;1mSELECT * FROM btbills LIMIT 10 OFFSET 0[0m
  [4;35;1mBtbilldetail Load (0.004000)[0m   [0mSELECT * FROM btbilldetails [0m
Rendering layoutfalseactionlist within layouts/btbills
Rendering btbills/list
Completed in 0.23000 (4 reqs/sec) | Rendering: 0.00800 (3%) | DB: 0.01500 (6%) | 200 OK [http://127.0.0.1/btbills]


Processing BtbilldetailsController#list (for 127.0.0.1 at 2007-03-23 00:03:55) [GET]
  Session ID: ea87d9a0ed3877351e4537bcce493e22
  Parameters: {"action"=>"list", "id"=>"1", "controller"=>"btbilldetails"}
  [4;36;1mSQL (0.000000)[0m   [0;1mSELECT count(*) AS count_all FROM btbilldetails [0m
  [4;35;1mBtbilldetail Load (0.004000)[0m   [0mSELECT * FROM btbilldetails LIMIT 10 OFFSET 0[0m
Rendering  within layouts/btbilldetails
Rendering btbilldetails/list
Completed in 0.20700 (4 reqs/sec) | Rendering: 0.01200 (5%) | DB: 0.00400 (1%) | 200 OK [http://127.0.0.1/btbilldetails/list/1]


Processing BtbilldetailsController#list (for 127.0.0.1 at 2007-03-23 00:04:01) [GET]
  Session ID: ea87d9a0ed3877351e4537bcce493e22
  Parameters: {"action"=>"list", "id"=>"2", "controller"=>"btbilldetails"}
  [4;36;1mSQL (0.000000)[0m   [0;1mSELECT count(*) AS count_all FROM btbilldetails [0m
  [4;35;1mBtbilldetail Load (0.020000)[0m   [0mSELECT * FROM btbilldetails LIMIT 10 OFFSET 0[0m
Rendering  within layouts/btbilldetails
Rendering btbilldetails/list
Completed in 0.21900 (4 reqs/sec) | Rendering: 0.01600 (7%) | DB: 0.02000 (9%) | 200 OK [http://127.0.0.1/btbilldetails/list/2]


Processing BtbillsController#index (for 127.0.0.1 at 2007-03-23 00:04:34) [GET]
  Session ID: ea87d9a0ed3877351e4537bcce493e22
  Parameters: {"action"=>"index", "controller"=>"btbills"}
  [4;36;1mSQL (0.000000)[0m   [0;1mSELECT count(*) AS count_all FROM btbills [0m
  [4;35;1mBtbill Load (0.000000)[0m   [0mSELECT * FROM btbills LIMIT 10 OFFSET 0[0m
  [4;36;1mBtbilldetail Load (0.004000)[0m   [0;1mSELECT * FROM btbilldetails [0m
Rendering layoutfalseactionlist within layouts/btbills
Rendering btbills/list
Completed in 0.23900 (4 reqs/sec) | Rendering: 0.00800 (3%) | DB: 0.00400 (1%) | 200 OK [http://127.0.0.1/btbills]


Processing BtbilldetailsController#list (for 127.0.0.1 at 2007-03-23 00:04:37) [GET]
  Session ID: ea87d9a0ed3877351e4537bcce493e22
  Parameters: {"btbill_id"=>"1", "action"=>"list", "controller"=>"btbilldetails"}
  [4;35;1mSQL (0.000000)[0m   [0mSELECT count(*) AS count_all FROM btbilldetails [0m
DEPRECATION WARNING: @params is deprecated! Call params.[] instead of @params.[]. Args: ["page"]  See http://www.rubyonrails.org/deprecation for details. (called from list at ./script/../config/../app/controllers/btbilldetails_controller.rb:15)
  [4;36;1mBtbilldetail Load (0.012000)[0m   [0;1mSELECT * FROM btbilldetails WHERE (btbill_id = '1') [0m
Rendering  within layouts/btbilldetails
Rendering btbilldetails/list
Completed in 0.21100 (4 reqs/sec) | Rendering: 0.01100 (5%) | DB: 0.01200 (5%) | 200 OK [http://127.0.0.1/btbilldetails/list?btbill_id=1]


Processing BtbilldetailsController#list (for 127.0.0.1 at 2007-03-23 00:04:41) [GET]
  Session ID: ea87d9a0ed3877351e4537bcce493e22
  Parameters: {"btbill_id"=>"2", "action"=>"list", "controller"=>"btbilldetails"}
  [4;35;1mSQL (0.000000)[0m   [0mSELECT count(*) AS count_all FROM btbilldetails [0m
DEPRECATION WARNING: @params is deprecated! Call params.[] instead of @params.[]. Args: ["page"]  See http://www.rubyonrails.org/deprecation for details. (called from list at ./script/../config/../app/controllers/btbilldetails_controller.rb:15)
  [4;36;1mBtbilldetail Load (0.004000)[0m   [0;1mSELECT * FROM btbilldetails WHERE (btbill_id = '2') [0m
Rendering  within layouts/btbilldetails
Rendering btbilldetails/list
Completed in 0.24300 (4 reqs/sec) | Rendering: 0.02000 (8%) | DB: 0.00400 (1%) | 200 OK [http://127.0.0.1/btbilldetails/list?btbill_id=2]


Processing BtbilldetailsController#index (for 127.0.0.1 at 2007-03-23 09:35:56) [GET]
  Session ID: ea87d9a0ed3877351e4537bcce493e22
  Parameters: {"action"=>"index", "controller"=>"btbilldetails"}
  [4;35;1mSQL (0.016000)[0m   [0mSELECT count(*) AS count_all FROM btbilldetails [0m
  [4;36;1mBtbilldetail Load (0.015000)[0m   [0;1mSELECT * FROM btbilldetails LIMIT 10 OFFSET 0[0m
Rendering layoutfalseactionlist within layouts/btbilldetails
Rendering btbilldetails/list
Completed in 0.96900 (1 reqs/sec) | Rendering: 0.06300 (6%) | DB: 0.03100 (3%) | 200 OK [http://127.0.0.1/btbilldetails]


Processing BtbilldetailsController#index (for 127.0.0.1 at 2007-03-23 09:36:33) [GET]
  Session ID: ea87d9a0ed3877351e4537bcce493e22
  Parameters: {"action"=>"index", "controller"=>"btbilldetails"}
  [4;35;1mSQL (0.000000)[0m   [0mSELECT count(*) AS count_all FROM btbilldetails [0m
  [4;36;1mBtbilldetail Load (0.016000)[0m   [0;1mSELECT * FROM btbilldetails LIMIT 10 OFFSET 0[0m
Rendering layoutfalseactionlist within layouts/btbilldetails
Rendering btbilldetails/list
Completed in 0.28100 (3 reqs/sec) | Rendering: 0.03100 (11%) | DB: 0.01600 (5%) | 200 OK [http://127.0.0.1/btbilldetails]
