

Processing BtbillsController#index (for 192.168.200.67 at 2007-08-23 14:12:56) [GET]
  Session ID: 5e31ab6101797ebf9d872270a7a392a0
  Parameters: {"action"=>"index", "controller"=>"btbills"}


Errno::ENOENT (No such file or directory - /tmp/mysql.sock):
    /usr/lib/ruby/gems/1.8/gems/activerecord-1.15.2/lib/active_record/vendor/mysql.rb:107:in `initialize'
    /usr/lib/ruby/gems/1.8/gems/activerecord-1.15.2/lib/active_record/vendor/mysql.rb:107:in `new'
    /usr/lib/ruby/gems/1.8/gems/activerecord-1.15.2/lib/active_record/vendor/mysql.rb:107:in `real_connect'
    /usr/lib/ruby/gems/1.8/gems/activerecord-1.15.2/lib/active_record/connection_adapters/mysql_adapter.rb:389:in `connect'
    /usr/lib/ruby/gems/1.8/gems/activerecord-1.15.2/lib/active_record/connection_adapters/mysql_adapter.rb:152:in `initialize'
    /usr/lib/ruby/gems/1.8/gems/activerecord-1.15.2/lib/active_record/connection_adapters/mysql_adapter.rb:82:in `new'
    /usr/lib/ruby/gems/1.8/gems/activerecord-1.15.2/lib/active_record/connection_adapters/mysql_adapter.rb:82:in `mysql_connection'
    /usr/lib/ruby/gems/1.8/gems/activerecord-1.15.2/lib/active_record/connection_adapters/abstract/connection_specification.rb:262:in `send'
    /usr/lib/ruby/gems/1.8/gems/activerecord-1.15.2/lib/active_record/connection_adapters/abstract/connection_specification.rb:262:in `connection_without_query_cache='
    /usr/lib/ruby/gems/1.8/gems/activerecord-1.15.2/lib/active_record/query_cache.rb:54:in `connection='
    /usr/lib/ruby/gems/1.8/gems/activerecord-1.15.2/lib/active_record/connection_adapters/abstract/connection_specification.rb:230:in `retrieve_connection'
    /usr/lib/ruby/gems/1.8/gems/activerecord-1.15.2/lib/active_record/connection_adapters/abstract/connection_specification.rb:78:in `connection'
    /usr/lib/ruby/gems/1.8/gems/activerecord-1.15.2/lib/active_record/base.rb:763:in `columns'
    /usr/lib/ruby/gems/1.8/gems/activerecord-1.15.2/lib/active_record/calculations.rb:257:in `column_for'
    /usr/lib/ruby/gems/1.8/gems/activerecord-1.15.2/lib/active_record/calculations.rb:116:in `calculate'
    /usr/lib/ruby/gems/1.8/gems/activerecord-1.15.2/lib/active_record/calculations.rb:45:in `count'
    /usr/lib/ruby/gems/1.8/gems/actionpack-1.13.2/lib/action_controller/pagination.rb:173:in `count_collection_for_pagination'
    /usr/lib/ruby/gems/1.8/gems/actionpack-1.13.2/lib/action_controller/pagination.rb:197:in `paginator_and_collection_for'
    /usr/lib/ruby/gems/1.8/gems/actionpack-1.13.2/lib/action_controller/pagination.rb:130:in `paginate'
    .//app/controllers/btbills_controller.rb:12:in `list'
    .//app/controllers/btbills_controller.rb:3:in `index'
    /usr/lib/ruby/gems/1.8/gems/actionpack-1.13.2/lib/action_controller/base.rb:1095:in `send'
    /usr/lib/ruby/gems/1.8/gems/actionpack-1.13.2/lib/action_controller/base.rb:1095:in `perform_action_without_filters'
    /usr/lib/ruby/gems/1.8/gems/actionpack-1.13.2/lib/action_controller/filters.rb:632:in `call_filter'
    /usr/lib/ruby/gems/1.8/gems/actionpack-1.13.2/lib/action_controller/filters.rb:634:in `call_filter'
    /usr/lib/ruby/gems/1.8/gems/actionpack-1.13.2/lib/action_controller/filters.rb:619:in `perform_action_without_benchmark'
    /usr/lib/ruby/gems/1.8/gems/actionpack-1.13.2/lib/action_controller/benchmarking.rb:66:in `perform_action_without_rescue'
    /usr/lib/ruby/1.8/benchmark.rb:293:in `measure'
    /usr/lib/ruby/gems/1.8/gems/actionpack-1.13.2/lib/action_controller/benchmarking.rb:66:in `perform_action_without_rescue'
    /usr/lib/ruby/gems/1.8/gems/actionpack-1.13.2/lib/action_controller/rescue.rb:83:in `perform_action'
    /usr/lib/ruby/gems/1.8/gems/actionpack-1.13.2/lib/action_controller/base.rb:430:in `send'
    /usr/lib/ruby/gems/1.8/gems/actionpack-1.13.2/lib/action_controller/base.rb:430:in `process_without_filters'
    /usr/lib/ruby/gems/1.8/gems/actionpack-1.13.2/lib/action_controller/filters.rb:624:in `process_without_session_management_support'
    /usr/lib/ruby/gems/1.8/gems/actionpack-1.13.2/lib/action_controller/session_management.rb:114:in `process'
    /usr/lib/ruby/gems/1.8/gems/actionpack-1.13.2/lib/action_controller/base.rb:330:in `process'
    /usr/lib/ruby/gems/1.8/gems/rails-1.2.2/lib/dispatcher.rb:41:in `dispatch'
    /usr/lib/ruby/gems/1.8/gems/rails-1.2.2/lib/webrick_server.rb:113:in `handle_dispatch'
    /usr/lib/ruby/gems/1.8/gems/rails-1.2.2/lib/webrick_server.rb:79:in `service'
    /usr/lib/ruby/1.8/webrick/httpserver.rb:104:in `service'
    /usr/lib/ruby/1.8/webrick/httpserver.rb:65:in `run'
    /usr/lib/ruby/1.8/webrick/server.rb:173:in `start_thread'
    /usr/lib/ruby/1.8/webrick/server.rb:162:in `start'
    /usr/lib/ruby/1.8/webrick/server.rb:162:in `start_thread'
    /usr/lib/ruby/1.8/webrick/server.rb:95:in `start'
    /usr/lib/ruby/1.8/webrick/server.rb:92:in `each'
    /usr/lib/ruby/1.8/webrick/server.rb:92:in `start'
    /usr/lib/ruby/1.8/webrick/server.rb:23:in `start'
    /usr/lib/ruby/1.8/webrick/server.rb:82:in `start'
    /usr/lib/ruby/gems/1.8/gems/rails-1.2.2/lib/webrick_server.rb:63:in `dispatch'
    /usr/lib/ruby/gems/1.8/gems/rails-1.2.2/lib/commands/servers/webrick.rb:59
    /usr/lib/ruby/site_ruby/1.8/rubygems/custom_require.rb:21:in `require__'
    /usr/lib/ruby/site_ruby/1.8/rubygems/custom_require.rb:21:in `require'
    /usr/lib/ruby/gems/1.8/gems/activesupport-1.4.1/lib/active_support/dependencies.rb:495:in `require'
    /usr/lib/ruby/gems/1.8/gems/activesupport-1.4.1/lib/active_support/dependencies.rb:342:in `new_constants_in'
    /usr/lib/ruby/gems/1.8/gems/activesupport-1.4.1/lib/active_support/dependencies.rb:495:in `require'
    /usr/lib/ruby/gems/1.8/gems/rails-1.2.2/lib/commands/server.rb:39
    /usr/lib/ruby/site_ruby/1.8/rubygems/custom_require.rb:21:in `require__'
    /usr/lib/ruby/site_ruby/1.8/rubygems/custom_require.rb:21:in `require'
    /usr/lib/ruby/gems/1.8/gems/activesupport-1.4.1/lib/active_support/dependencies.rb:495:in `require'
    /usr/lib/ruby/gems/1.8/gems/activesupport-1.4.1/lib/active_support/dependencies.rb:342:in `new_constants_in'
    /usr/lib/ruby/gems/1.8/gems/activesupport-1.4.1/lib/active_support/dependencies.rb:495:in `require'
    ./script/server:3




Processing BtbillsController#new (for 192.168.200.67 at 2007-08-23 14:13:14) [GET]
  Session ID: 5e31ab6101797ebf9d872270a7a392a0
  Parameters: {"action"=>"new", "controller"=>"btbills"}


Errno::ENOENT (No such file or directory - /tmp/mysql.sock):
    /usr/lib/ruby/gems/1.8/gems/activerecord-1.15.2/lib/active_record/vendor/mysql.rb:107:in `initialize'
    /usr/lib/ruby/gems/1.8/gems/activerecord-1.15.2/lib/active_record/vendor/mysql.rb:107:in `new'
    /usr/lib/ruby/gems/1.8/gems/activerecord-1.15.2/lib/active_record/vendor/mysql.rb:107:in `real_connect'
    /usr/lib/ruby/gems/1.8/gems/activerecord-1.15.2/lib/active_record/connection_adapters/mysql_adapter.rb:389:in `connect'
    /usr/lib/ruby/gems/1.8/gems/activerecord-1.15.2/lib/active_record/connection_adapters/mysql_adapter.rb:152:in `initialize'
    /usr/lib/ruby/gems/1.8/gems/activerecord-1.15.2/lib/active_record/connection_adapters/mysql_adapter.rb:82:in `new'
    /usr/lib/ruby/gems/1.8/gems/activerecord-1.15.2/lib/active_record/connection_adapters/mysql_adapter.rb:82:in `mysql_connection'
    /usr/lib/ruby/gems/1.8/gems/activerecord-1.15.2/lib/active_record/connection_adapters/abstract/connection_specification.rb:262:in `send'
    /usr/lib/ruby/gems/1.8/gems/activerecord-1.15.2/lib/active_record/connection_adapters/abstract/connection_specification.rb:262:in `connection_without_query_cache='
    /usr/lib/ruby/gems/1.8/gems/activerecord-1.15.2/lib/active_record/query_cache.rb:54:in `connection='
    /usr/lib/ruby/gems/1.8/gems/activerecord-1.15.2/lib/active_record/connection_adapters/abstract/connection_specification.rb:230:in `retrieve_connection'
    /usr/lib/ruby/gems/1.8/gems/activerecord-1.15.2/lib/active_record/connection_adapters/abstract/connection_specification.rb:78:in `connection'
    /usr/lib/ruby/gems/1.8/gems/activerecord-1.15.2/lib/active_record/base.rb:763:in `columns'
    /usr/lib/ruby/gems/1.8/gems/activerecord-1.15.2/lib/active_record/base.rb:2061:in `attributes_from_column_definition_without_lock'
    /usr/lib/ruby/gems/1.8/gems/activerecord-1.15.2/lib/active_record/locking/optimistic.rb:45:in `attributes_from_column_definition'
    /usr/lib/ruby/gems/1.8/gems/activerecord-1.15.2/lib/active_record/base.rb:1503:in `initialize_without_callbacks'
    /usr/lib/ruby/gems/1.8/gems/activerecord-1.15.2/lib/active_record/callbacks.rb:225:in `initialize'
    .//app/controllers/btbills_controller.rb:23:in `new'
    .//app/controllers/btbills_controller.rb:23:in `new'
    /usr/lib/ruby/gems/1.8/gems/actionpack-1.13.2/lib/action_controller/base.rb:1095:in `send'
    /usr/lib/ruby/gems/1.8/gems/actionpack-1.13.2/lib/action_controller/base.rb:1095:in `perform_action_without_filters'
    /usr/lib/ruby/gems/1.8/gems/actionpack-1.13.2/lib/action_controller/filters.rb:632:in `call_filter'
    /usr/lib/ruby/gems/1.8/gems/actionpack-1.13.2/lib/action_controller/filters.rb:634:in `call_filter'
    /usr/lib/ruby/gems/1.8/gems/actionpack-1.13.2/lib/action_controller/filters.rb:619:in `perform_action_without_benchmark'
    /usr/lib/ruby/gems/1.8/gems/actionpack-1.13.2/lib/action_controller/benchmarking.rb:66:in `perform_action_without_rescue'
    /usr/lib/ruby/1.8/benchmark.rb:293:in `measure'
    /usr/lib/ruby/gems/1.8/gems/actionpack-1.13.2/lib/action_controller/benchmarking.rb:66:in `perform_action_without_rescue'
    /usr/lib/ruby/gems/1.8/gems/actionpack-1.13.2/lib/action_controller/rescue.rb:83:in `perform_action'
    /usr/lib/ruby/gems/1.8/gems/actionpack-1.13.2/lib/action_controller/base.rb:430:in `send'
    /usr/lib/ruby/gems/1.8/gems/actionpack-1.13.2/lib/action_controller/base.rb:430:in `process_without_filters'
    /usr/lib/ruby/gems/1.8/gems/actionpack-1.13.2/lib/action_controller/filters.rb:624:in `process_without_session_management_support'
    /usr/lib/ruby/gems/1.8/gems/actionpack-1.13.2/lib/action_controller/session_management.rb:114:in `process'
    /usr/lib/ruby/gems/1.8/gems/actionpack-1.13.2/lib/action_controller/base.rb:330:in `process'
    /usr/lib/ruby/gems/1.8/gems/rails-1.2.2/lib/dispatcher.rb:41:in `dispatch'
    /usr/lib/ruby/gems/1.8/gems/rails-1.2.2/lib/webrick_server.rb:113:in `handle_dispatch'
    /usr/lib/ruby/gems/1.8/gems/rails-1.2.2/lib/webrick_server.rb:79:in `service'
    /usr/lib/ruby/1.8/webrick/httpserver.rb:104:in `service'
    /usr/lib/ruby/1.8/webrick/httpserver.rb:65:in `run'
    /usr/lib/ruby/1.8/webrick/server.rb:173:in `start_thread'
    /usr/lib/ruby/1.8/webrick/server.rb:162:in `start'
    /usr/lib/ruby/1.8/webrick/server.rb:162:in `start_thread'
    /usr/lib/ruby/1.8/webrick/server.rb:95:in `start'
    /usr/lib/ruby/1.8/webrick/server.rb:92:in `each'
    /usr/lib/ruby/1.8/webrick/server.rb:92:in `start'
    /usr/lib/ruby/1.8/webrick/server.rb:23:in `start'
    /usr/lib/ruby/1.8/webrick/server.rb:82:in `start'
    /usr/lib/ruby/gems/1.8/gems/rails-1.2.2/lib/webrick_server.rb:63:in `dispatch'
    /usr/lib/ruby/gems/1.8/gems/rails-1.2.2/lib/commands/servers/webrick.rb:59
    /usr/lib/ruby/site_ruby/1.8/rubygems/custom_require.rb:21:in `require__'
    /usr/lib/ruby/site_ruby/1.8/rubygems/custom_require.rb:21:in `require'
    /usr/lib/ruby/gems/1.8/gems/activesupport-1.4.1/lib/active_support/dependencies.rb:495:in `require'
    /usr/lib/ruby/gems/1.8/gems/activesupport-1.4.1/lib/active_support/dependencies.rb:342:in `new_constants_in'
    /usr/lib/ruby/gems/1.8/gems/activesupport-1.4.1/lib/active_support/dependencies.rb:495:in `require'
    /usr/lib/ruby/gems/1.8/gems/rails-1.2.2/lib/commands/server.rb:39
    /usr/lib/ruby/site_ruby/1.8/rubygems/custom_require.rb:21:in `require__'
    /usr/lib/ruby/site_ruby/1.8/rubygems/custom_require.rb:21:in `require'
    /usr/lib/ruby/gems/1.8/gems/activesupport-1.4.1/lib/active_support/dependencies.rb:495:in `require'
    /usr/lib/ruby/gems/1.8/gems/activesupport-1.4.1/lib/active_support/dependencies.rb:342:in `new_constants_in'
    /usr/lib/ruby/gems/1.8/gems/activesupport-1.4.1/lib/active_support/dependencies.rb:495:in `require'
    ./script/server:3


